[2023-02-26T13:38:21.702+0000] {taskinstance.py:1083} INFO - Dependencies all met for <TaskInstance: my_dag.inaccurate manual__2023-02-26T13:38:18.380443+00:00 [queued]>
[2023-02-26T13:38:21.710+0000] {taskinstance.py:1083} INFO - Dependencies all met for <TaskInstance: my_dag.inaccurate manual__2023-02-26T13:38:18.380443+00:00 [queued]>
[2023-02-26T13:38:21.711+0000] {taskinstance.py:1279} INFO - 
--------------------------------------------------------------------------------
[2023-02-26T13:38:21.712+0000] {taskinstance.py:1280} INFO - Starting attempt 1 of 1
[2023-02-26T13:38:21.712+0000] {taskinstance.py:1281} INFO - 
--------------------------------------------------------------------------------
[2023-02-26T13:38:21.722+0000] {taskinstance.py:1300} INFO - Executing <Task(BashOperator): inaccurate> on 2023-02-26 13:38:18.380443+00:00
[2023-02-26T13:38:21.726+0000] {standard_task_runner.py:55} INFO - Started process 8748 to run task
[2023-02-26T13:38:21.730+0000] {standard_task_runner.py:82} INFO - Running: ['***', 'tasks', 'run', 'my_dag', 'inaccurate', 'manual__2023-02-26T13:38:18.380443+00:00', '--job-id', '13', '--raw', '--subdir', 'DAGS_FOLDER/my_dag.py', '--cfg-path', '/tmp/tmpezzd9iax']
[2023-02-26T13:38:21.731+0000] {standard_task_runner.py:83} INFO - Job 13: Subtask inaccurate
[2023-02-26T13:38:21.786+0000] {task_command.py:388} INFO - Running <TaskInstance: my_dag.inaccurate manual__2023-02-26T13:38:18.380443+00:00 [running]> on host 8aab065f5efa
[2023-02-26T13:38:21.836+0000] {taskinstance.py:1509} INFO - Exporting the following env vars:
AIRFLOW_CTX_DAG_OWNER=***
AIRFLOW_CTX_DAG_ID=my_dag
AIRFLOW_CTX_TASK_ID=inaccurate
AIRFLOW_CTX_EXECUTION_DATE=2023-02-26T13:38:18.380443+00:00
AIRFLOW_CTX_TRY_NUMBER=1
AIRFLOW_CTX_DAG_RUN_ID=manual__2023-02-26T13:38:18.380443+00:00
[2023-02-26T13:38:21.838+0000] {subprocess.py:63} INFO - Tmp dir root location: 
 /tmp
[2023-02-26T13:38:21.839+0000] {subprocess.py:75} INFO - Running command: ['/bin/bash', '-c', "echo 'inaccurate'"]
[2023-02-26T13:38:21.849+0000] {subprocess.py:86} INFO - Output:
[2023-02-26T13:38:21.851+0000] {subprocess.py:93} INFO - inaccurate
[2023-02-26T13:38:21.852+0000] {subprocess.py:97} INFO - Command exited with return code 0
[2023-02-26T13:38:21.873+0000] {taskinstance.py:1323} INFO - Marking task as SUCCESS. dag_id=my_dag, task_id=inaccurate, execution_date=20230226T133818, start_date=20230226T133821, end_date=20230226T133821
[2023-02-26T13:38:21.902+0000] {local_task_job.py:208} INFO - Task exited with return code 0
[2023-02-26T13:38:21.916+0000] {taskinstance.py:2578} INFO - 0 downstream tasks scheduled from follow-on schedule check
