[2023-02-27T10:10:01.271+0000] {taskinstance.py:1083} INFO - Dependencies all met for <TaskInstance: slave_dag.t1 scheduled__2023-02-27T10:05:00+00:00 [queued]>
[2023-02-27T10:10:01.279+0000] {taskinstance.py:1083} INFO - Dependencies all met for <TaskInstance: slave_dag.t1 scheduled__2023-02-27T10:05:00+00:00 [queued]>
[2023-02-27T10:10:01.280+0000] {taskinstance.py:1279} INFO - 
--------------------------------------------------------------------------------
[2023-02-27T10:10:01.281+0000] {taskinstance.py:1280} INFO - Starting attempt 1 of 1
[2023-02-27T10:10:01.281+0000] {taskinstance.py:1281} INFO - 
--------------------------------------------------------------------------------
[2023-02-27T10:10:01.292+0000] {taskinstance.py:1300} INFO - Executing <Task(BashOperator): t1> on 2023-02-27 10:05:00+00:00
[2023-02-27T10:10:01.297+0000] {standard_task_runner.py:55} INFO - Started process 6269 to run task
[2023-02-27T10:10:01.301+0000] {standard_task_runner.py:82} INFO - Running: ['***', 'tasks', 'run', 'slave_dag', 't1', 'scheduled__2023-02-27T10:05:00+00:00', '--job-id', '40', '--raw', '--subdir', 'DAGS_FOLDER/slave_dag.py', '--cfg-path', '/tmp/tmp5uywi2wt']
[2023-02-27T10:10:01.303+0000] {standard_task_runner.py:83} INFO - Job 40: Subtask t1
[2023-02-27T10:10:01.375+0000] {task_command.py:388} INFO - Running <TaskInstance: slave_dag.t1 scheduled__2023-02-27T10:05:00+00:00 [running]> on host f7c6263a9b51
[2023-02-27T10:10:01.441+0000] {taskinstance.py:1509} INFO - Exporting the following env vars:
AIRFLOW_CTX_DAG_OWNER=***
AIRFLOW_CTX_DAG_ID=slave_dag
AIRFLOW_CTX_TASK_ID=t1
AIRFLOW_CTX_EXECUTION_DATE=2023-02-27T10:05:00+00:00
AIRFLOW_CTX_TRY_NUMBER=1
AIRFLOW_CTX_DAG_RUN_ID=scheduled__2023-02-27T10:05:00+00:00
[2023-02-27T10:10:01.443+0000] {subprocess.py:63} INFO - Tmp dir root location: 
 /tmp
[2023-02-27T10:10:01.444+0000] {subprocess.py:75} INFO - Running command: ['/bin/bash', '-c', "echo 'test'"]
[2023-02-27T10:10:01.455+0000] {subprocess.py:86} INFO - Output:
[2023-02-27T10:10:01.458+0000] {subprocess.py:93} INFO - test
[2023-02-27T10:10:01.459+0000] {subprocess.py:97} INFO - Command exited with return code 0
[2023-02-27T10:10:01.487+0000] {taskinstance.py:1323} INFO - Marking task as SUCCESS. dag_id=slave_dag, task_id=t1, execution_date=20230227T100500, start_date=20230227T101001, end_date=20230227T101001
[2023-02-27T10:10:01.514+0000] {local_task_job.py:208} INFO - Task exited with return code 0
[2023-02-27T10:10:01.532+0000] {taskinstance.py:2578} INFO - 0 downstream tasks scheduled from follow-on schedule check
