[2023-02-27T15:39:54.272+0000] {taskinstance.py:1083} INFO - Dependencies all met for <TaskInstance: first_dag.training_model_C manual__2023-02-27T15:39:52.915495+00:00 [queued]>
[2023-02-27T15:39:54.279+0000] {taskinstance.py:1083} INFO - Dependencies all met for <TaskInstance: first_dag.training_model_C manual__2023-02-27T15:39:52.915495+00:00 [queued]>
[2023-02-27T15:39:54.280+0000] {taskinstance.py:1279} INFO - 
--------------------------------------------------------------------------------
[2023-02-27T15:39:54.280+0000] {taskinstance.py:1280} INFO - Starting attempt 1 of 1
[2023-02-27T15:39:54.281+0000] {taskinstance.py:1281} INFO - 
--------------------------------------------------------------------------------
[2023-02-27T15:39:54.290+0000] {taskinstance.py:1300} INFO - Executing <Task(PythonOperator): training_model_C> on 2023-02-27 15:39:52.915495+00:00
[2023-02-27T15:39:54.295+0000] {standard_task_runner.py:55} INFO - Started process 20184 to run task
[2023-02-27T15:39:54.299+0000] {standard_task_runner.py:82} INFO - Running: ['***', 'tasks', 'run', 'first_dag', 'training_model_C', 'manual__2023-02-27T15:39:52.915495+00:00', '--job-id', '57', '--raw', '--subdir', 'DAGS_FOLDER/first_dag.py', '--cfg-path', '/tmp/tmp1ynw90fw']
[2023-02-27T15:39:54.299+0000] {standard_task_runner.py:83} INFO - Job 57: Subtask training_model_C
[2023-02-27T15:39:54.359+0000] {task_command.py:388} INFO - Running <TaskInstance: first_dag.training_model_C manual__2023-02-27T15:39:52.915495+00:00 [running]> on host f7c6263a9b51
[2023-02-27T15:39:54.407+0000] {taskinstance.py:1509} INFO - Exporting the following env vars:
AIRFLOW_CTX_DAG_OWNER=***
AIRFLOW_CTX_DAG_ID=first_dag
AIRFLOW_CTX_TASK_ID=training_model_C
AIRFLOW_CTX_EXECUTION_DATE=2023-02-27T15:39:52.915495+00:00
AIRFLOW_CTX_TRY_NUMBER=1
AIRFLOW_CTX_DAG_RUN_ID=manual__2023-02-27T15:39:52.915495+00:00
[2023-02-27T15:39:54.408+0000] {python.py:177} INFO - Done. Returned value was: 10
[2023-02-27T15:39:54.428+0000] {taskinstance.py:1323} INFO - Marking task as SUCCESS. dag_id=first_dag, task_id=training_model_C, execution_date=20230227T153952, start_date=20230227T153954, end_date=20230227T153954
[2023-02-27T15:39:54.472+0000] {local_task_job.py:208} INFO - Task exited with return code 0
[2023-02-27T15:39:54.492+0000] {taskinstance.py:2578} INFO - 0 downstream tasks scheduled from follow-on schedule check
