[2023-02-27T10:35:07.138+0000] {taskinstance.py:1083} INFO - Dependencies all met for <TaskInstance: slave_dag.t1 scheduled__2023-02-27T10:30:00+00:00 [queued]>
[2023-02-27T10:35:07.146+0000] {taskinstance.py:1083} INFO - Dependencies all met for <TaskInstance: slave_dag.t1 scheduled__2023-02-27T10:30:00+00:00 [queued]>
[2023-02-27T10:35:07.147+0000] {taskinstance.py:1279} INFO - 
--------------------------------------------------------------------------------
[2023-02-27T10:35:07.148+0000] {taskinstance.py:1280} INFO - Starting attempt 1 of 1
[2023-02-27T10:35:07.149+0000] {taskinstance.py:1281} INFO - 
--------------------------------------------------------------------------------
[2023-02-27T10:35:07.159+0000] {taskinstance.py:1300} INFO - Executing <Task(BashOperator): t1> on 2023-02-27 10:30:00+00:00
[2023-02-27T10:35:07.164+0000] {standard_task_runner.py:55} INFO - Started process 7865 to run task
[2023-02-27T10:35:07.168+0000] {standard_task_runner.py:82} INFO - Running: ['***', 'tasks', 'run', 'slave_dag', 't1', 'scheduled__2023-02-27T10:30:00+00:00', '--job-id', '49', '--raw', '--subdir', 'DAGS_FOLDER/slave_dag.py', '--cfg-path', '/tmp/tmp_fn57ea8']
[2023-02-27T10:35:07.170+0000] {standard_task_runner.py:83} INFO - Job 49: Subtask t1
[2023-02-27T10:35:07.241+0000] {task_command.py:388} INFO - Running <TaskInstance: slave_dag.t1 scheduled__2023-02-27T10:30:00+00:00 [running]> on host f7c6263a9b51
[2023-02-27T10:35:07.305+0000] {taskinstance.py:1509} INFO - Exporting the following env vars:
AIRFLOW_CTX_DAG_OWNER=***
AIRFLOW_CTX_DAG_ID=slave_dag
AIRFLOW_CTX_TASK_ID=t1
AIRFLOW_CTX_EXECUTION_DATE=2023-02-27T10:30:00+00:00
AIRFLOW_CTX_TRY_NUMBER=1
AIRFLOW_CTX_DAG_RUN_ID=scheduled__2023-02-27T10:30:00+00:00
[2023-02-27T10:35:07.307+0000] {subprocess.py:63} INFO - Tmp dir root location: 
 /tmp
[2023-02-27T10:35:07.308+0000] {subprocess.py:75} INFO - Running command: ['/bin/bash', '-c', "echo 'test'"]
[2023-02-27T10:35:07.319+0000] {subprocess.py:86} INFO - Output:
[2023-02-27T10:35:07.321+0000] {subprocess.py:93} INFO - test
[2023-02-27T10:35:07.322+0000] {subprocess.py:97} INFO - Command exited with return code 0
[2023-02-27T10:35:07.349+0000] {taskinstance.py:1323} INFO - Marking task as SUCCESS. dag_id=slave_dag, task_id=t1, execution_date=20230227T103000, start_date=20230227T103507, end_date=20230227T103507
[2023-02-27T10:35:07.380+0000] {local_task_job.py:208} INFO - Task exited with return code 0
[2023-02-27T10:35:07.397+0000] {taskinstance.py:2578} INFO - 0 downstream tasks scheduled from follow-on schedule check
