[2023-02-26T13:39:25.005+0000] {taskinstance.py:1083} INFO - Dependencies all met for <TaskInstance: my_dag.training_model_C manual__2023-02-26T13:39:24.335138+00:00 [queued]>
[2023-02-26T13:39:25.011+0000] {taskinstance.py:1083} INFO - Dependencies all met for <TaskInstance: my_dag.training_model_C manual__2023-02-26T13:39:24.335138+00:00 [queued]>
[2023-02-26T13:39:25.012+0000] {taskinstance.py:1279} INFO - 
--------------------------------------------------------------------------------
[2023-02-26T13:39:25.012+0000] {taskinstance.py:1280} INFO - Starting attempt 1 of 1
[2023-02-26T13:39:25.013+0000] {taskinstance.py:1281} INFO - 
--------------------------------------------------------------------------------
[2023-02-26T13:39:25.021+0000] {taskinstance.py:1300} INFO - Executing <Task(PythonOperator): training_model_C> on 2023-02-26 13:39:24.335138+00:00
[2023-02-26T13:39:25.025+0000] {standard_task_runner.py:55} INFO - Started process 8835 to run task
[2023-02-26T13:39:25.029+0000] {standard_task_runner.py:82} INFO - Running: ['***', 'tasks', 'run', 'my_dag', 'training_model_C', 'manual__2023-02-26T13:39:24.335138+00:00', '--job-id', '24', '--raw', '--subdir', 'DAGS_FOLDER/my_dag.py', '--cfg-path', '/tmp/tmp1xoo13n9']
[2023-02-26T13:39:25.030+0000] {standard_task_runner.py:83} INFO - Job 24: Subtask training_model_C
[2023-02-26T13:39:25.095+0000] {task_command.py:388} INFO - Running <TaskInstance: my_dag.training_model_C manual__2023-02-26T13:39:24.335138+00:00 [running]> on host 8aab065f5efa
[2023-02-26T13:39:25.151+0000] {taskinstance.py:1509} INFO - Exporting the following env vars:
AIRFLOW_CTX_DAG_OWNER=***
AIRFLOW_CTX_DAG_ID=my_dag
AIRFLOW_CTX_TASK_ID=training_model_C
AIRFLOW_CTX_EXECUTION_DATE=2023-02-26T13:39:24.335138+00:00
AIRFLOW_CTX_TRY_NUMBER=1
AIRFLOW_CTX_DAG_RUN_ID=manual__2023-02-26T13:39:24.335138+00:00
[2023-02-26T13:39:25.152+0000] {python.py:177} INFO - Done. Returned value was: 1
[2023-02-26T13:39:25.175+0000] {taskinstance.py:1323} INFO - Marking task as SUCCESS. dag_id=my_dag, task_id=training_model_C, execution_date=20230226T133924, start_date=20230226T133925, end_date=20230226T133925
[2023-02-26T13:39:25.200+0000] {local_task_job.py:208} INFO - Task exited with return code 0
[2023-02-26T13:39:25.225+0000] {taskinstance.py:2578} INFO - 1 downstream tasks scheduled from follow-on schedule check
