[2023-02-27T11:01:00.441+0000] {taskinstance.py:1083} INFO - Dependencies all met for <TaskInstance: slave_dag.t1 scheduled__2023-02-27T10:58:00+00:00 [queued]>
[2023-02-27T11:01:00.452+0000] {taskinstance.py:1083} INFO - Dependencies all met for <TaskInstance: slave_dag.t1 scheduled__2023-02-27T10:58:00+00:00 [queued]>
[2023-02-27T11:01:00.458+0000] {taskinstance.py:1279} INFO - 
--------------------------------------------------------------------------------
[2023-02-27T11:01:00.460+0000] {taskinstance.py:1280} INFO - Starting attempt 1 of 1
[2023-02-27T11:01:00.461+0000] {taskinstance.py:1281} INFO - 
--------------------------------------------------------------------------------
[2023-02-27T11:01:00.474+0000] {taskinstance.py:1300} INFO - Executing <Task(BashOperator): t1> on 2023-02-27 10:58:00+00:00
[2023-02-27T11:01:00.480+0000] {standard_task_runner.py:55} INFO - Started process 9496 to run task
[2023-02-27T11:01:00.485+0000] {standard_task_runner.py:82} INFO - Running: ['***', 'tasks', 'run', 'slave_dag', 't1', 'scheduled__2023-02-27T10:58:00+00:00', '--job-id', '52', '--raw', '--subdir', 'DAGS_FOLDER/slave_dag.py', '--cfg-path', '/tmp/tmp_pb2rpav']
[2023-02-27T11:01:00.486+0000] {standard_task_runner.py:83} INFO - Job 52: Subtask t1
[2023-02-27T11:01:00.556+0000] {task_command.py:388} INFO - Running <TaskInstance: slave_dag.t1 scheduled__2023-02-27T10:58:00+00:00 [running]> on host f7c6263a9b51
[2023-02-27T11:01:00.621+0000] {taskinstance.py:1509} INFO - Exporting the following env vars:
AIRFLOW_CTX_DAG_OWNER=***
AIRFLOW_CTX_DAG_ID=slave_dag
AIRFLOW_CTX_TASK_ID=t1
AIRFLOW_CTX_EXECUTION_DATE=2023-02-27T10:58:00+00:00
AIRFLOW_CTX_TRY_NUMBER=1
AIRFLOW_CTX_DAG_RUN_ID=scheduled__2023-02-27T10:58:00+00:00
[2023-02-27T11:01:00.622+0000] {subprocess.py:63} INFO - Tmp dir root location: 
 /tmp
[2023-02-27T11:01:00.624+0000] {subprocess.py:75} INFO - Running command: ['/bin/bash', '-c', "echo 'test'"]
[2023-02-27T11:01:00.636+0000] {subprocess.py:86} INFO - Output:
[2023-02-27T11:01:00.640+0000] {subprocess.py:93} INFO - test
[2023-02-27T11:01:00.640+0000] {subprocess.py:97} INFO - Command exited with return code 0
[2023-02-27T11:01:00.669+0000] {taskinstance.py:1323} INFO - Marking task as SUCCESS. dag_id=slave_dag, task_id=t1, execution_date=20230227T105800, start_date=20230227T110100, end_date=20230227T110100
[2023-02-27T11:01:00.698+0000] {local_task_job.py:208} INFO - Task exited with return code 0
[2023-02-27T11:01:00.734+0000] {taskinstance.py:2578} INFO - 0 downstream tasks scheduled from follow-on schedule check
