[2023-02-26T13:38:20.938+0000] {taskinstance.py:1083} INFO - Dependencies all met for <TaskInstance: my_dag.choose_best_model manual__2023-02-26T13:38:18.380443+00:00 [queued]>
[2023-02-26T13:38:20.944+0000] {taskinstance.py:1083} INFO - Dependencies all met for <TaskInstance: my_dag.choose_best_model manual__2023-02-26T13:38:18.380443+00:00 [queued]>
[2023-02-26T13:38:20.945+0000] {taskinstance.py:1279} INFO - 
--------------------------------------------------------------------------------
[2023-02-26T13:38:20.945+0000] {taskinstance.py:1280} INFO - Starting attempt 1 of 1
[2023-02-26T13:38:20.946+0000] {taskinstance.py:1281} INFO - 
--------------------------------------------------------------------------------
[2023-02-26T13:38:20.954+0000] {taskinstance.py:1300} INFO - Executing <Task(BranchPythonOperator): choose_best_model> on 2023-02-26 13:38:18.380443+00:00
[2023-02-26T13:38:20.959+0000] {standard_task_runner.py:55} INFO - Started process 8743 to run task
[2023-02-26T13:38:20.962+0000] {standard_task_runner.py:82} INFO - Running: ['***', 'tasks', 'run', 'my_dag', 'choose_best_model', 'manual__2023-02-26T13:38:18.380443+00:00', '--job-id', '12', '--raw', '--subdir', 'DAGS_FOLDER/my_dag.py', '--cfg-path', '/tmp/tmpdq_w1_z9']
[2023-02-26T13:38:20.963+0000] {standard_task_runner.py:83} INFO - Job 12: Subtask choose_best_model
[2023-02-26T13:38:21.014+0000] {task_command.py:388} INFO - Running <TaskInstance: my_dag.choose_best_model manual__2023-02-26T13:38:18.380443+00:00 [running]> on host 8aab065f5efa
[2023-02-26T13:38:21.084+0000] {taskinstance.py:1509} INFO - Exporting the following env vars:
AIRFLOW_CTX_DAG_OWNER=***
AIRFLOW_CTX_DAG_ID=my_dag
AIRFLOW_CTX_TASK_ID=choose_best_model
AIRFLOW_CTX_EXECUTION_DATE=2023-02-26T13:38:18.380443+00:00
AIRFLOW_CTX_TRY_NUMBER=1
AIRFLOW_CTX_DAG_RUN_ID=manual__2023-02-26T13:38:18.380443+00:00
[2023-02-26T13:38:21.097+0000] {python.py:177} INFO - Done. Returned value was: inaccurate
[2023-02-26T13:38:21.098+0000] {python.py:211} INFO - Branch callable return inaccurate
[2023-02-26T13:38:21.099+0000] {skipmixin.py:155} INFO - Following branch inaccurate
[2023-02-26T13:38:21.099+0000] {skipmixin.py:211} INFO - Skipping tasks ['accurate']
[2023-02-26T13:38:21.133+0000] {taskinstance.py:1323} INFO - Marking task as SUCCESS. dag_id=my_dag, task_id=choose_best_model, execution_date=20230226T133818, start_date=20230226T133820, end_date=20230226T133821
[2023-02-26T13:38:21.174+0000] {local_task_job.py:208} INFO - Task exited with return code 0
[2023-02-26T13:38:21.194+0000] {taskinstance.py:2578} INFO - 1 downstream tasks scheduled from follow-on schedule check
