[2023-02-26T13:39:34.884+0000] {taskinstance.py:1083} INFO - Dependencies all met for <TaskInstance: my_dag.accurate manual__2023-02-26T13:39:31.641514+00:00 [queued]>
[2023-02-26T13:39:34.890+0000] {taskinstance.py:1083} INFO - Dependencies all met for <TaskInstance: my_dag.accurate manual__2023-02-26T13:39:31.641514+00:00 [queued]>
[2023-02-26T13:39:34.891+0000] {taskinstance.py:1279} INFO - 
--------------------------------------------------------------------------------
[2023-02-26T13:39:34.891+0000] {taskinstance.py:1280} INFO - Starting attempt 1 of 1
[2023-02-26T13:39:34.892+0000] {taskinstance.py:1281} INFO - 
--------------------------------------------------------------------------------
[2023-02-26T13:39:34.899+0000] {taskinstance.py:1300} INFO - Executing <Task(BashOperator): accurate> on 2023-02-26 13:39:31.641514+00:00
[2023-02-26T13:39:34.904+0000] {standard_task_runner.py:55} INFO - Started process 8864 to run task
[2023-02-26T13:39:34.907+0000] {standard_task_runner.py:82} INFO - Running: ['***', 'tasks', 'run', 'my_dag', 'accurate', 'manual__2023-02-26T13:39:31.641514+00:00', '--job-id', '33', '--raw', '--subdir', 'DAGS_FOLDER/my_dag.py', '--cfg-path', '/tmp/tmpmpwb09fz']
[2023-02-26T13:39:34.908+0000] {standard_task_runner.py:83} INFO - Job 33: Subtask accurate
[2023-02-26T13:39:34.957+0000] {task_command.py:388} INFO - Running <TaskInstance: my_dag.accurate manual__2023-02-26T13:39:31.641514+00:00 [running]> on host 8aab065f5efa
[2023-02-26T13:39:35.000+0000] {taskinstance.py:1509} INFO - Exporting the following env vars:
AIRFLOW_CTX_DAG_OWNER=***
AIRFLOW_CTX_DAG_ID=my_dag
AIRFLOW_CTX_TASK_ID=accurate
AIRFLOW_CTX_EXECUTION_DATE=2023-02-26T13:39:31.641514+00:00
AIRFLOW_CTX_TRY_NUMBER=1
AIRFLOW_CTX_DAG_RUN_ID=manual__2023-02-26T13:39:31.641514+00:00
[2023-02-26T13:39:35.002+0000] {subprocess.py:63} INFO - Tmp dir root location: 
 /tmp
[2023-02-26T13:39:35.003+0000] {subprocess.py:75} INFO - Running command: ['/bin/bash', '-c', "echo 'accurate'"]
[2023-02-26T13:39:35.011+0000] {subprocess.py:86} INFO - Output:
[2023-02-26T13:39:35.013+0000] {subprocess.py:93} INFO - accurate
[2023-02-26T13:39:35.014+0000] {subprocess.py:97} INFO - Command exited with return code 0
[2023-02-26T13:39:35.034+0000] {taskinstance.py:1323} INFO - Marking task as SUCCESS. dag_id=my_dag, task_id=accurate, execution_date=20230226T133931, start_date=20230226T133934, end_date=20230226T133935
[2023-02-26T13:39:35.079+0000] {local_task_job.py:208} INFO - Task exited with return code 0
[2023-02-26T13:39:35.093+0000] {taskinstance.py:2578} INFO - 0 downstream tasks scheduled from follow-on schedule check
