[2023-02-27T10:20:01.400+0000] {taskinstance.py:1083} INFO - Dependencies all met for <TaskInstance: slave_dag.t1 scheduled__2023-02-27T10:15:00+00:00 [queued]>
[2023-02-27T10:20:01.410+0000] {taskinstance.py:1083} INFO - Dependencies all met for <TaskInstance: slave_dag.t1 scheduled__2023-02-27T10:15:00+00:00 [queued]>
[2023-02-27T10:20:01.410+0000] {taskinstance.py:1279} INFO - 
--------------------------------------------------------------------------------
[2023-02-27T10:20:01.411+0000] {taskinstance.py:1280} INFO - Starting attempt 1 of 1
[2023-02-27T10:20:01.412+0000] {taskinstance.py:1281} INFO - 
--------------------------------------------------------------------------------
[2023-02-27T10:20:01.423+0000] {taskinstance.py:1300} INFO - Executing <Task(BashOperator): t1> on 2023-02-27 10:15:00+00:00
[2023-02-27T10:20:01.433+0000] {standard_task_runner.py:55} INFO - Started process 6908 to run task
[2023-02-27T10:20:01.438+0000] {standard_task_runner.py:82} INFO - Running: ['***', 'tasks', 'run', 'slave_dag', 't1', 'scheduled__2023-02-27T10:15:00+00:00', '--job-id', '44', '--raw', '--subdir', 'DAGS_FOLDER/slave_dag.py', '--cfg-path', '/tmp/tmpbvqf6ej3']
[2023-02-27T10:20:01.439+0000] {standard_task_runner.py:83} INFO - Job 44: Subtask t1
[2023-02-27T10:20:01.508+0000] {task_command.py:388} INFO - Running <TaskInstance: slave_dag.t1 scheduled__2023-02-27T10:15:00+00:00 [running]> on host f7c6263a9b51
[2023-02-27T10:20:01.571+0000] {taskinstance.py:1509} INFO - Exporting the following env vars:
AIRFLOW_CTX_DAG_OWNER=***
AIRFLOW_CTX_DAG_ID=slave_dag
AIRFLOW_CTX_TASK_ID=t1
AIRFLOW_CTX_EXECUTION_DATE=2023-02-27T10:15:00+00:00
AIRFLOW_CTX_TRY_NUMBER=1
AIRFLOW_CTX_DAG_RUN_ID=scheduled__2023-02-27T10:15:00+00:00
[2023-02-27T10:20:01.573+0000] {subprocess.py:63} INFO - Tmp dir root location: 
 /tmp
[2023-02-27T10:20:01.574+0000] {subprocess.py:75} INFO - Running command: ['/bin/bash', '-c', "echo 'test'"]
[2023-02-27T10:20:01.585+0000] {subprocess.py:86} INFO - Output:
[2023-02-27T10:20:01.588+0000] {subprocess.py:93} INFO - test
[2023-02-27T10:20:01.589+0000] {subprocess.py:97} INFO - Command exited with return code 0
[2023-02-27T10:20:01.615+0000] {taskinstance.py:1323} INFO - Marking task as SUCCESS. dag_id=slave_dag, task_id=t1, execution_date=20230227T101500, start_date=20230227T102001, end_date=20230227T102001
[2023-02-27T10:20:01.650+0000] {local_task_job.py:208} INFO - Task exited with return code 0
[2023-02-27T10:20:01.670+0000] {taskinstance.py:2578} INFO - 0 downstream tasks scheduled from follow-on schedule check
