[2023-02-26T13:39:32.426+0000] {taskinstance.py:1083} INFO - Dependencies all met for <TaskInstance: my_dag.training_model_C manual__2023-02-26T13:39:31.641514+00:00 [queued]>
[2023-02-26T13:39:32.434+0000] {taskinstance.py:1083} INFO - Dependencies all met for <TaskInstance: my_dag.training_model_C manual__2023-02-26T13:39:31.641514+00:00 [queued]>
[2023-02-26T13:39:32.434+0000] {taskinstance.py:1279} INFO - 
--------------------------------------------------------------------------------
[2023-02-26T13:39:32.435+0000] {taskinstance.py:1280} INFO - Starting attempt 1 of 1
[2023-02-26T13:39:32.435+0000] {taskinstance.py:1281} INFO - 
--------------------------------------------------------------------------------
[2023-02-26T13:39:32.444+0000] {taskinstance.py:1300} INFO - Executing <Task(PythonOperator): training_model_C> on 2023-02-26 13:39:31.641514+00:00
[2023-02-26T13:39:32.448+0000] {standard_task_runner.py:55} INFO - Started process 8860 to run task
[2023-02-26T13:39:32.456+0000] {standard_task_runner.py:82} INFO - Running: ['***', 'tasks', 'run', 'my_dag', 'training_model_C', 'manual__2023-02-26T13:39:31.641514+00:00', '--job-id', '31', '--raw', '--subdir', 'DAGS_FOLDER/my_dag.py', '--cfg-path', '/tmp/tmpzqp4bdw4']
[2023-02-26T13:39:32.457+0000] {standard_task_runner.py:83} INFO - Job 31: Subtask training_model_C
[2023-02-26T13:39:32.527+0000] {task_command.py:388} INFO - Running <TaskInstance: my_dag.training_model_C manual__2023-02-26T13:39:31.641514+00:00 [running]> on host 8aab065f5efa
[2023-02-26T13:39:32.588+0000] {taskinstance.py:1509} INFO - Exporting the following env vars:
AIRFLOW_CTX_DAG_OWNER=***
AIRFLOW_CTX_DAG_ID=my_dag
AIRFLOW_CTX_TASK_ID=training_model_C
AIRFLOW_CTX_EXECUTION_DATE=2023-02-26T13:39:31.641514+00:00
AIRFLOW_CTX_TRY_NUMBER=1
AIRFLOW_CTX_DAG_RUN_ID=manual__2023-02-26T13:39:31.641514+00:00
[2023-02-26T13:39:32.589+0000] {python.py:177} INFO - Done. Returned value was: 6
[2023-02-26T13:39:32.608+0000] {taskinstance.py:1323} INFO - Marking task as SUCCESS. dag_id=my_dag, task_id=training_model_C, execution_date=20230226T133931, start_date=20230226T133932, end_date=20230226T133932
[2023-02-26T13:39:32.623+0000] {local_task_job.py:208} INFO - Task exited with return code 0
[2023-02-26T13:39:32.644+0000] {taskinstance.py:2578} INFO - 1 downstream tasks scheduled from follow-on schedule check
