[2023-02-26T13:39:26.200+0000] {taskinstance.py:1083} INFO - Dependencies all met for <TaskInstance: my_dag.choose_best_model manual__2023-02-26T13:39:24.335138+00:00 [queued]>
[2023-02-26T13:39:26.206+0000] {taskinstance.py:1083} INFO - Dependencies all met for <TaskInstance: my_dag.choose_best_model manual__2023-02-26T13:39:24.335138+00:00 [queued]>
[2023-02-26T13:39:26.206+0000] {taskinstance.py:1279} INFO - 
--------------------------------------------------------------------------------
[2023-02-26T13:39:26.207+0000] {taskinstance.py:1280} INFO - Starting attempt 1 of 1
[2023-02-26T13:39:26.207+0000] {taskinstance.py:1281} INFO - 
--------------------------------------------------------------------------------
[2023-02-26T13:39:26.216+0000] {taskinstance.py:1300} INFO - Executing <Task(BranchPythonOperator): choose_best_model> on 2023-02-26 13:39:24.335138+00:00
[2023-02-26T13:39:26.220+0000] {standard_task_runner.py:55} INFO - Started process 8839 to run task
[2023-02-26T13:39:26.223+0000] {standard_task_runner.py:82} INFO - Running: ['***', 'tasks', 'run', 'my_dag', 'choose_best_model', 'manual__2023-02-26T13:39:24.335138+00:00', '--job-id', '27', '--raw', '--subdir', 'DAGS_FOLDER/my_dag.py', '--cfg-path', '/tmp/tmpvrgmpzr_']
[2023-02-26T13:39:26.224+0000] {standard_task_runner.py:83} INFO - Job 27: Subtask choose_best_model
[2023-02-26T13:39:26.281+0000] {task_command.py:388} INFO - Running <TaskInstance: my_dag.choose_best_model manual__2023-02-26T13:39:24.335138+00:00 [running]> on host 8aab065f5efa
[2023-02-26T13:39:26.346+0000] {taskinstance.py:1509} INFO - Exporting the following env vars:
AIRFLOW_CTX_DAG_OWNER=***
AIRFLOW_CTX_DAG_ID=my_dag
AIRFLOW_CTX_TASK_ID=choose_best_model
AIRFLOW_CTX_EXECUTION_DATE=2023-02-26T13:39:24.335138+00:00
AIRFLOW_CTX_TRY_NUMBER=1
AIRFLOW_CTX_DAG_RUN_ID=manual__2023-02-26T13:39:24.335138+00:00
[2023-02-26T13:39:26.360+0000] {python.py:177} INFO - Done. Returned value was: inaccurate
[2023-02-26T13:39:26.361+0000] {python.py:211} INFO - Branch callable return inaccurate
[2023-02-26T13:39:26.362+0000] {skipmixin.py:155} INFO - Following branch inaccurate
[2023-02-26T13:39:26.363+0000] {skipmixin.py:211} INFO - Skipping tasks ['accurate']
[2023-02-26T13:39:26.411+0000] {taskinstance.py:1323} INFO - Marking task as SUCCESS. dag_id=my_dag, task_id=choose_best_model, execution_date=20230226T133924, start_date=20230226T133926, end_date=20230226T133926
[2023-02-26T13:39:26.435+0000] {local_task_job.py:208} INFO - Task exited with return code 0
[2023-02-26T13:39:26.457+0000] {taskinstance.py:2578} INFO - 1 downstream tasks scheduled from follow-on schedule check
