[2023-02-27T15:39:53.506+0000] {taskinstance.py:1083} INFO - Dependencies all met for <TaskInstance: first_dag.display_variable manual__2023-02-27T15:39:52.915495+00:00 [queued]>
[2023-02-27T15:39:53.512+0000] {taskinstance.py:1083} INFO - Dependencies all met for <TaskInstance: first_dag.display_variable manual__2023-02-27T15:39:52.915495+00:00 [queued]>
[2023-02-27T15:39:53.513+0000] {taskinstance.py:1279} INFO - 
--------------------------------------------------------------------------------
[2023-02-27T15:39:53.514+0000] {taskinstance.py:1280} INFO - Starting attempt 1 of 1
[2023-02-27T15:39:53.514+0000] {taskinstance.py:1281} INFO - 
--------------------------------------------------------------------------------
[2023-02-27T15:39:53.523+0000] {taskinstance.py:1300} INFO - Executing <Task(PythonOperator): display_variable> on 2023-02-27 15:39:52.915495+00:00
[2023-02-27T15:39:53.526+0000] {standard_task_runner.py:55} INFO - Started process 20178 to run task
[2023-02-27T15:39:53.530+0000] {standard_task_runner.py:82} INFO - Running: ['***', 'tasks', 'run', 'first_dag', 'display_variable', 'manual__2023-02-27T15:39:52.915495+00:00', '--job-id', '54', '--raw', '--subdir', 'DAGS_FOLDER/first_dag.py', '--cfg-path', '/tmp/tmp7gb30_4r']
[2023-02-27T15:39:53.531+0000] {standard_task_runner.py:83} INFO - Job 54: Subtask display_variable
[2023-02-27T15:39:53.586+0000] {task_command.py:388} INFO - Running <TaskInstance: first_dag.display_variable manual__2023-02-27T15:39:52.915495+00:00 [running]> on host f7c6263a9b51
[2023-02-27T15:39:53.638+0000] {taskinstance.py:1509} INFO - Exporting the following env vars:
AIRFLOW_CTX_DAG_OWNER=***
AIRFLOW_CTX_DAG_ID=first_dag
AIRFLOW_CTX_TASK_ID=display_variable
AIRFLOW_CTX_EXECUTION_DATE=2023-02-27T15:39:52.915495+00:00
AIRFLOW_CTX_TRY_NUMBER=1
AIRFLOW_CTX_DAG_RUN_ID=manual__2023-02-27T15:39:52.915495+00:00
[2023-02-27T15:39:53.647+0000] {logging_mixin.py:137} INFO - variable:  10
[2023-02-27T15:39:53.648+0000] {python.py:177} INFO - Done. Returned value was: 10
[2023-02-27T15:39:53.668+0000] {taskinstance.py:1323} INFO - Marking task as SUCCESS. dag_id=first_dag, task_id=display_variable, execution_date=20230227T153952, start_date=20230227T153953, end_date=20230227T153953
[2023-02-27T15:39:53.702+0000] {local_task_job.py:208} INFO - Task exited with return code 0
[2023-02-27T15:39:53.724+0000] {taskinstance.py:2578} INFO - 3 downstream tasks scheduled from follow-on schedule check
