[2023-02-27T10:02:53.318+0000] {processor.py:153} INFO - Started process (PID=6085) to work on /opt/airflow/dags/slave_dag.py
[2023-02-27T10:02:53.319+0000] {processor.py:743} INFO - Processing file /opt/airflow/dags/slave_dag.py for tasks to queue
[2023-02-27T10:02:53.320+0000] {logging_mixin.py:137} INFO - [2023-02-27T10:02:53.320+0000] {dagbag.py:538} INFO - Filling up the DagBag from /opt/airflow/dags/slave_dag.py
[2023-02-27T10:02:53.340+0000] {processor.py:753} INFO - DAG(s) dict_keys(['slave_dag']) retrieved from /opt/airflow/dags/slave_dag.py
[2023-02-27T10:02:53.447+0000] {logging_mixin.py:137} INFO - [2023-02-27T10:02:53.447+0000] {manager.py:504} INFO - Created Permission View: can read on DAG:slave_dag
[2023-02-27T10:02:53.454+0000] {logging_mixin.py:137} INFO - [2023-02-27T10:02:53.454+0000] {manager.py:504} INFO - Created Permission View: can edit on DAG:slave_dag
[2023-02-27T10:02:53.459+0000] {logging_mixin.py:137} INFO - [2023-02-27T10:02:53.459+0000] {manager.py:504} INFO - Created Permission View: can delete on DAG:slave_dag
[2023-02-27T10:02:53.460+0000] {logging_mixin.py:137} INFO - [2023-02-27T10:02:53.460+0000] {dag.py:2690} INFO - Sync 1 DAGs
[2023-02-27T10:02:53.472+0000] {logging_mixin.py:137} INFO - [2023-02-27T10:02:53.472+0000] {dag.py:2711} INFO - Creating ORM DAG for slave_dag
[2023-02-27T10:02:53.483+0000] {logging_mixin.py:137} INFO - [2023-02-27T10:02:53.483+0000] {dag.py:3441} INFO - Setting next_dagrun for slave_dag to 2023-02-26T00:00:00+00:00, run_after=2023-02-27T00:00:00+00:00
[2023-02-27T10:02:53.499+0000] {processor.py:175} INFO - Processing /opt/airflow/dags/slave_dag.py took 0.184 seconds
[2023-02-27T10:03:05.662+0000] {processor.py:153} INFO - Started process (PID=6098) to work on /opt/airflow/dags/slave_dag.py
[2023-02-27T10:03:05.665+0000] {processor.py:743} INFO - Processing file /opt/airflow/dags/slave_dag.py for tasks to queue
[2023-02-27T10:03:05.666+0000] {logging_mixin.py:137} INFO - [2023-02-27T10:03:05.666+0000] {dagbag.py:538} INFO - Filling up the DagBag from /opt/airflow/dags/slave_dag.py
[2023-02-27T10:03:05.694+0000] {processor.py:753} INFO - DAG(s) dict_keys(['slave_dag']) retrieved from /opt/airflow/dags/slave_dag.py
[2023-02-27T10:03:05.713+0000] {logging_mixin.py:137} INFO - [2023-02-27T10:03:05.713+0000] {dag.py:2690} INFO - Sync 1 DAGs
[2023-02-27T10:03:05.738+0000] {logging_mixin.py:137} INFO - [2023-02-27T10:03:05.738+0000] {dag.py:3441} INFO - Setting next_dagrun for slave_dag to 2023-02-26T00:00:00+00:00, run_after=2023-02-27T00:00:00+00:00
[2023-02-27T10:03:05.757+0000] {processor.py:175} INFO - Processing /opt/airflow/dags/slave_dag.py took 0.104 seconds
[2023-02-27T10:03:36.103+0000] {processor.py:153} INFO - Started process (PID=6125) to work on /opt/airflow/dags/slave_dag.py
[2023-02-27T10:03:36.107+0000] {processor.py:743} INFO - Processing file /opt/airflow/dags/slave_dag.py for tasks to queue
[2023-02-27T10:03:36.108+0000] {logging_mixin.py:137} INFO - [2023-02-27T10:03:36.108+0000] {dagbag.py:538} INFO - Filling up the DagBag from /opt/airflow/dags/slave_dag.py
[2023-02-27T10:03:36.134+0000] {processor.py:753} INFO - DAG(s) dict_keys(['slave_dag']) retrieved from /opt/airflow/dags/slave_dag.py
[2023-02-27T10:03:36.163+0000] {logging_mixin.py:137} INFO - [2023-02-27T10:03:36.163+0000] {dag.py:2690} INFO - Sync 1 DAGs
[2023-02-27T10:03:36.188+0000] {logging_mixin.py:137} INFO - [2023-02-27T10:03:36.188+0000] {dag.py:3441} INFO - Setting next_dagrun for slave_dag to 2023-02-26T00:00:00+00:00, run_after=2023-02-27T00:00:00+00:00
[2023-02-27T10:03:36.203+0000] {processor.py:175} INFO - Processing /opt/airflow/dags/slave_dag.py took 0.108 seconds
[2023-02-27T10:04:06.724+0000] {processor.py:153} INFO - Started process (PID=6167) to work on /opt/airflow/dags/slave_dag.py
[2023-02-27T10:04:06.726+0000] {processor.py:743} INFO - Processing file /opt/airflow/dags/slave_dag.py for tasks to queue
[2023-02-27T10:04:06.728+0000] {logging_mixin.py:137} INFO - [2023-02-27T10:04:06.728+0000] {dagbag.py:538} INFO - Filling up the DagBag from /opt/airflow/dags/slave_dag.py
[2023-02-27T10:04:06.782+0000] {processor.py:753} INFO - DAG(s) dict_keys(['slave_dag']) retrieved from /opt/airflow/dags/slave_dag.py
[2023-02-27T10:04:06.818+0000] {logging_mixin.py:137} INFO - [2023-02-27T10:04:06.817+0000] {dag.py:2690} INFO - Sync 1 DAGs
[2023-02-27T10:04:06.842+0000] {logging_mixin.py:137} INFO - [2023-02-27T10:04:06.842+0000] {dag.py:3441} INFO - Setting next_dagrun for slave_dag to 2023-02-26T00:00:00+00:00, run_after=2023-02-27T00:00:00+00:00
[2023-02-27T10:04:06.864+0000] {processor.py:175} INFO - Processing /opt/airflow/dags/slave_dag.py took 0.144 seconds
[2023-02-27T10:04:37.296+0000] {processor.py:153} INFO - Started process (PID=6194) to work on /opt/airflow/dags/slave_dag.py
[2023-02-27T10:04:37.298+0000] {processor.py:743} INFO - Processing file /opt/airflow/dags/slave_dag.py for tasks to queue
[2023-02-27T10:04:37.300+0000] {logging_mixin.py:137} INFO - [2023-02-27T10:04:37.299+0000] {dagbag.py:538} INFO - Filling up the DagBag from /opt/airflow/dags/slave_dag.py
[2023-02-27T10:04:37.324+0000] {processor.py:753} INFO - DAG(s) dict_keys(['slave_dag']) retrieved from /opt/airflow/dags/slave_dag.py
[2023-02-27T10:04:37.350+0000] {logging_mixin.py:137} INFO - [2023-02-27T10:04:37.350+0000] {dag.py:2690} INFO - Sync 1 DAGs
[2023-02-27T10:04:37.374+0000] {logging_mixin.py:137} INFO - [2023-02-27T10:04:37.374+0000] {dag.py:3441} INFO - Setting next_dagrun for slave_dag to 2023-02-26T00:00:00+00:00, run_after=2023-02-27T00:00:00+00:00
[2023-02-27T10:04:37.390+0000] {processor.py:175} INFO - Processing /opt/airflow/dags/slave_dag.py took 0.100 seconds
[2023-02-27T10:05:07.702+0000] {processor.py:153} INFO - Started process (PID=6235) to work on /opt/airflow/dags/slave_dag.py
[2023-02-27T10:05:07.704+0000] {processor.py:743} INFO - Processing file /opt/airflow/dags/slave_dag.py for tasks to queue
[2023-02-27T10:05:07.705+0000] {logging_mixin.py:137} INFO - [2023-02-27T10:05:07.705+0000] {dagbag.py:538} INFO - Filling up the DagBag from /opt/airflow/dags/slave_dag.py
[2023-02-27T10:05:07.730+0000] {processor.py:753} INFO - DAG(s) dict_keys(['slave_dag']) retrieved from /opt/airflow/dags/slave_dag.py
[2023-02-27T10:05:07.755+0000] {logging_mixin.py:137} INFO - [2023-02-27T10:05:07.755+0000] {dag.py:2690} INFO - Sync 1 DAGs
[2023-02-27T10:05:07.777+0000] {logging_mixin.py:137} INFO - [2023-02-27T10:05:07.777+0000] {dag.py:3441} INFO - Setting next_dagrun for slave_dag to 2023-02-26T00:00:00+00:00, run_after=2023-02-27T00:00:00+00:00
[2023-02-27T10:05:07.792+0000] {processor.py:175} INFO - Processing /opt/airflow/dags/slave_dag.py took 0.094 seconds
[2023-02-27T10:05:38.115+0000] {processor.py:153} INFO - Started process (PID=6274) to work on /opt/airflow/dags/slave_dag.py
[2023-02-27T10:05:38.118+0000] {processor.py:743} INFO - Processing file /opt/airflow/dags/slave_dag.py for tasks to queue
[2023-02-27T10:05:38.120+0000] {logging_mixin.py:137} INFO - [2023-02-27T10:05:38.120+0000] {dagbag.py:538} INFO - Filling up the DagBag from /opt/airflow/dags/slave_dag.py
[2023-02-27T10:05:38.141+0000] {processor.py:753} INFO - DAG(s) dict_keys(['slave_dag']) retrieved from /opt/airflow/dags/slave_dag.py
[2023-02-27T10:05:38.163+0000] {logging_mixin.py:137} INFO - [2023-02-27T10:05:38.163+0000] {dag.py:2690} INFO - Sync 1 DAGs
[2023-02-27T10:05:38.181+0000] {logging_mixin.py:137} INFO - [2023-02-27T10:05:38.181+0000] {dag.py:3441} INFO - Setting next_dagrun for slave_dag to 2023-02-26T00:00:00+00:00, run_after=2023-02-27T00:00:00+00:00
[2023-02-27T10:05:38.194+0000] {processor.py:175} INFO - Processing /opt/airflow/dags/slave_dag.py took 0.084 seconds
[2023-02-27T10:06:08.562+0000] {processor.py:153} INFO - Started process (PID=6302) to work on /opt/airflow/dags/slave_dag.py
[2023-02-27T10:06:08.566+0000] {processor.py:743} INFO - Processing file /opt/airflow/dags/slave_dag.py for tasks to queue
[2023-02-27T10:06:08.568+0000] {logging_mixin.py:137} INFO - [2023-02-27T10:06:08.567+0000] {dagbag.py:538} INFO - Filling up the DagBag from /opt/airflow/dags/slave_dag.py
[2023-02-27T10:06:08.589+0000] {processor.py:753} INFO - DAG(s) dict_keys(['slave_dag']) retrieved from /opt/airflow/dags/slave_dag.py
[2023-02-27T10:06:08.618+0000] {logging_mixin.py:137} INFO - [2023-02-27T10:06:08.618+0000] {dag.py:2690} INFO - Sync 1 DAGs
[2023-02-27T10:06:08.644+0000] {logging_mixin.py:137} INFO - [2023-02-27T10:06:08.644+0000] {dag.py:3441} INFO - Setting next_dagrun for slave_dag to 2023-02-26T00:00:00+00:00, run_after=2023-02-27T00:00:00+00:00
[2023-02-27T10:06:08.658+0000] {processor.py:175} INFO - Processing /opt/airflow/dags/slave_dag.py took 0.103 seconds
[2023-02-27T10:06:38.992+0000] {processor.py:153} INFO - Started process (PID=6341) to work on /opt/airflow/dags/slave_dag.py
[2023-02-27T10:06:38.995+0000] {processor.py:743} INFO - Processing file /opt/airflow/dags/slave_dag.py for tasks to queue
[2023-02-27T10:06:38.996+0000] {logging_mixin.py:137} INFO - [2023-02-27T10:06:38.996+0000] {dagbag.py:538} INFO - Filling up the DagBag from /opt/airflow/dags/slave_dag.py
[2023-02-27T10:06:39.014+0000] {processor.py:753} INFO - DAG(s) dict_keys(['slave_dag']) retrieved from /opt/airflow/dags/slave_dag.py
[2023-02-27T10:06:39.041+0000] {logging_mixin.py:137} INFO - [2023-02-27T10:06:39.041+0000] {dag.py:2690} INFO - Sync 1 DAGs
[2023-02-27T10:06:39.063+0000] {logging_mixin.py:137} INFO - [2023-02-27T10:06:39.063+0000] {dag.py:3441} INFO - Setting next_dagrun for slave_dag to 2023-02-26T00:00:00+00:00, run_after=2023-02-27T00:00:00+00:00
[2023-02-27T10:06:39.078+0000] {processor.py:175} INFO - Processing /opt/airflow/dags/slave_dag.py took 0.089 seconds
[2023-02-27T10:07:09.513+0000] {processor.py:153} INFO - Started process (PID=6369) to work on /opt/airflow/dags/slave_dag.py
[2023-02-27T10:07:09.518+0000] {processor.py:743} INFO - Processing file /opt/airflow/dags/slave_dag.py for tasks to queue
[2023-02-27T10:07:09.520+0000] {logging_mixin.py:137} INFO - [2023-02-27T10:07:09.520+0000] {dagbag.py:538} INFO - Filling up the DagBag from /opt/airflow/dags/slave_dag.py
[2023-02-27T10:07:09.559+0000] {processor.py:753} INFO - DAG(s) dict_keys(['slave_dag']) retrieved from /opt/airflow/dags/slave_dag.py
[2023-02-27T10:07:09.644+0000] {logging_mixin.py:137} INFO - [2023-02-27T10:07:09.644+0000] {dag.py:2690} INFO - Sync 1 DAGs
[2023-02-27T10:07:09.665+0000] {logging_mixin.py:137} INFO - [2023-02-27T10:07:09.665+0000] {dag.py:3441} INFO - Setting next_dagrun for slave_dag to 2023-02-27T10:00:00+00:00, run_after=2023-02-27T10:05:00+00:00
[2023-02-27T10:07:09.683+0000] {processor.py:175} INFO - Processing /opt/airflow/dags/slave_dag.py took 0.182 seconds
[2023-02-27T10:07:34.930+0000] {processor.py:153} INFO - Started process (PID=6405) to work on /opt/airflow/dags/slave_dag.py
[2023-02-27T10:07:34.935+0000] {processor.py:743} INFO - Processing file /opt/airflow/dags/slave_dag.py for tasks to queue
[2023-02-27T10:07:34.939+0000] {logging_mixin.py:137} INFO - [2023-02-27T10:07:34.938+0000] {dagbag.py:538} INFO - Filling up the DagBag from /opt/airflow/dags/slave_dag.py
[2023-02-27T10:07:35.000+0000] {processor.py:753} INFO - DAG(s) dict_keys(['slave_dag']) retrieved from /opt/airflow/dags/slave_dag.py
[2023-02-27T10:07:35.026+0000] {logging_mixin.py:137} INFO - [2023-02-27T10:07:35.026+0000] {dag.py:2690} INFO - Sync 1 DAGs
[2023-02-27T10:07:35.063+0000] {logging_mixin.py:137} INFO - [2023-02-27T10:07:35.063+0000] {dag.py:3441} INFO - Setting next_dagrun for slave_dag to 2023-02-27T10:00:00+00:00, run_after=2023-02-27T10:05:00+00:00
[2023-02-27T10:07:35.086+0000] {processor.py:175} INFO - Processing /opt/airflow/dags/slave_dag.py took 0.170 seconds
[2023-02-27T10:08:05.224+0000] {processor.py:153} INFO - Started process (PID=6433) to work on /opt/airflow/dags/slave_dag.py
[2023-02-27T10:08:05.226+0000] {processor.py:743} INFO - Processing file /opt/airflow/dags/slave_dag.py for tasks to queue
[2023-02-27T10:08:05.227+0000] {logging_mixin.py:137} INFO - [2023-02-27T10:08:05.227+0000] {dagbag.py:538} INFO - Filling up the DagBag from /opt/airflow/dags/slave_dag.py
[2023-02-27T10:08:05.245+0000] {processor.py:753} INFO - DAG(s) dict_keys(['slave_dag']) retrieved from /opt/airflow/dags/slave_dag.py
[2023-02-27T10:08:05.300+0000] {logging_mixin.py:137} INFO - [2023-02-27T10:08:05.300+0000] {dag.py:2690} INFO - Sync 1 DAGs
[2023-02-27T10:08:05.321+0000] {logging_mixin.py:137} INFO - [2023-02-27T10:08:05.321+0000] {dag.py:3441} INFO - Setting next_dagrun for slave_dag to 2023-02-27T10:00:00+00:00, run_after=2023-02-27T10:05:00+00:00
[2023-02-27T10:08:05.337+0000] {processor.py:175} INFO - Processing /opt/airflow/dags/slave_dag.py took 0.117 seconds
[2023-02-27T10:08:35.572+0000] {processor.py:153} INFO - Started process (PID=6474) to work on /opt/airflow/dags/slave_dag.py
[2023-02-27T10:08:35.574+0000] {processor.py:743} INFO - Processing file /opt/airflow/dags/slave_dag.py for tasks to queue
[2023-02-27T10:08:35.576+0000] {logging_mixin.py:137} INFO - [2023-02-27T10:08:35.576+0000] {dagbag.py:538} INFO - Filling up the DagBag from /opt/airflow/dags/slave_dag.py
[2023-02-27T10:08:35.593+0000] {processor.py:753} INFO - DAG(s) dict_keys(['slave_dag']) retrieved from /opt/airflow/dags/slave_dag.py
[2023-02-27T10:08:35.617+0000] {logging_mixin.py:137} INFO - [2023-02-27T10:08:35.616+0000] {dag.py:2690} INFO - Sync 1 DAGs
[2023-02-27T10:08:35.639+0000] {logging_mixin.py:137} INFO - [2023-02-27T10:08:35.638+0000] {dag.py:3441} INFO - Setting next_dagrun for slave_dag to 2023-02-27T10:00:00+00:00, run_after=2023-02-27T10:05:00+00:00
[2023-02-27T10:08:35.654+0000] {processor.py:175} INFO - Processing /opt/airflow/dags/slave_dag.py took 0.086 seconds
[2023-02-27T10:09:06.042+0000] {processor.py:153} INFO - Started process (PID=6501) to work on /opt/airflow/dags/slave_dag.py
[2023-02-27T10:09:06.044+0000] {processor.py:743} INFO - Processing file /opt/airflow/dags/slave_dag.py for tasks to queue
[2023-02-27T10:09:06.045+0000] {logging_mixin.py:137} INFO - [2023-02-27T10:09:06.045+0000] {dagbag.py:538} INFO - Filling up the DagBag from /opt/airflow/dags/slave_dag.py
[2023-02-27T10:09:06.063+0000] {processor.py:753} INFO - DAG(s) dict_keys(['slave_dag']) retrieved from /opt/airflow/dags/slave_dag.py
[2023-02-27T10:09:06.086+0000] {logging_mixin.py:137} INFO - [2023-02-27T10:09:06.086+0000] {dag.py:2690} INFO - Sync 1 DAGs
[2023-02-27T10:09:06.107+0000] {logging_mixin.py:137} INFO - [2023-02-27T10:09:06.107+0000] {dag.py:3441} INFO - Setting next_dagrun for slave_dag to 2023-02-27T10:05:00+00:00, run_after=2023-02-27T10:10:00+00:00
[2023-02-27T10:09:06.120+0000] {processor.py:175} INFO - Processing /opt/airflow/dags/slave_dag.py took 0.081 seconds
[2023-02-27T10:09:36.404+0000] {processor.py:153} INFO - Started process (PID=6540) to work on /opt/airflow/dags/slave_dag.py
[2023-02-27T10:09:36.406+0000] {processor.py:743} INFO - Processing file /opt/airflow/dags/slave_dag.py for tasks to queue
[2023-02-27T10:09:36.408+0000] {logging_mixin.py:137} INFO - [2023-02-27T10:09:36.408+0000] {dagbag.py:538} INFO - Filling up the DagBag from /opt/airflow/dags/slave_dag.py
[2023-02-27T10:09:36.425+0000] {processor.py:753} INFO - DAG(s) dict_keys(['slave_dag']) retrieved from /opt/airflow/dags/slave_dag.py
[2023-02-27T10:09:36.450+0000] {logging_mixin.py:137} INFO - [2023-02-27T10:09:36.450+0000] {dag.py:2690} INFO - Sync 1 DAGs
[2023-02-27T10:09:36.475+0000] {logging_mixin.py:137} INFO - [2023-02-27T10:09:36.475+0000] {dag.py:3441} INFO - Setting next_dagrun for slave_dag to 2023-02-27T10:05:00+00:00, run_after=2023-02-27T10:10:00+00:00
[2023-02-27T10:09:36.488+0000] {processor.py:175} INFO - Processing /opt/airflow/dags/slave_dag.py took 0.088 seconds
[2023-02-27T10:10:06.920+0000] {processor.py:153} INFO - Started process (PID=6571) to work on /opt/airflow/dags/slave_dag.py
[2023-02-27T10:10:06.922+0000] {processor.py:743} INFO - Processing file /opt/airflow/dags/slave_dag.py for tasks to queue
[2023-02-27T10:10:06.924+0000] {logging_mixin.py:137} INFO - [2023-02-27T10:10:06.924+0000] {dagbag.py:538} INFO - Filling up the DagBag from /opt/airflow/dags/slave_dag.py
[2023-02-27T10:10:06.944+0000] {processor.py:753} INFO - DAG(s) dict_keys(['slave_dag']) retrieved from /opt/airflow/dags/slave_dag.py
[2023-02-27T10:10:06.970+0000] {logging_mixin.py:137} INFO - [2023-02-27T10:10:06.970+0000] {dag.py:2690} INFO - Sync 1 DAGs
[2023-02-27T10:10:06.991+0000] {logging_mixin.py:137} INFO - [2023-02-27T10:10:06.991+0000] {dag.py:3441} INFO - Setting next_dagrun for slave_dag to 2023-02-27T10:10:00+00:00, run_after=2023-02-27T10:15:00+00:00
[2023-02-27T10:10:07.005+0000] {processor.py:175} INFO - Processing /opt/airflow/dags/slave_dag.py took 0.089 seconds
[2023-02-27T10:10:37.302+0000] {processor.py:153} INFO - Started process (PID=6611) to work on /opt/airflow/dags/slave_dag.py
[2023-02-27T10:10:37.303+0000] {processor.py:743} INFO - Processing file /opt/airflow/dags/slave_dag.py for tasks to queue
[2023-02-27T10:10:37.304+0000] {logging_mixin.py:137} INFO - [2023-02-27T10:10:37.304+0000] {dagbag.py:538} INFO - Filling up the DagBag from /opt/airflow/dags/slave_dag.py
[2023-02-27T10:10:37.328+0000] {processor.py:753} INFO - DAG(s) dict_keys(['slave_dag']) retrieved from /opt/airflow/dags/slave_dag.py
[2023-02-27T10:10:37.354+0000] {logging_mixin.py:137} INFO - [2023-02-27T10:10:37.354+0000] {dag.py:2690} INFO - Sync 1 DAGs
[2023-02-27T10:10:37.378+0000] {logging_mixin.py:137} INFO - [2023-02-27T10:10:37.377+0000] {dag.py:3441} INFO - Setting next_dagrun for slave_dag to 2023-02-27T10:10:00+00:00, run_after=2023-02-27T10:15:00+00:00
[2023-02-27T10:10:37.392+0000] {processor.py:175} INFO - Processing /opt/airflow/dags/slave_dag.py took 0.094 seconds
[2023-02-27T10:11:07.680+0000] {processor.py:153} INFO - Started process (PID=6650) to work on /opt/airflow/dags/slave_dag.py
[2023-02-27T10:11:07.682+0000] {processor.py:743} INFO - Processing file /opt/airflow/dags/slave_dag.py for tasks to queue
[2023-02-27T10:11:07.684+0000] {logging_mixin.py:137} INFO - [2023-02-27T10:11:07.684+0000] {dagbag.py:538} INFO - Filling up the DagBag from /opt/airflow/dags/slave_dag.py
[2023-02-27T10:11:07.704+0000] {processor.py:753} INFO - DAG(s) dict_keys(['slave_dag']) retrieved from /opt/airflow/dags/slave_dag.py
[2023-02-27T10:11:07.741+0000] {logging_mixin.py:137} INFO - [2023-02-27T10:11:07.741+0000] {dag.py:2690} INFO - Sync 1 DAGs
[2023-02-27T10:11:07.760+0000] {logging_mixin.py:137} INFO - [2023-02-27T10:11:07.760+0000] {dag.py:3441} INFO - Setting next_dagrun for slave_dag to 2023-02-27T10:10:00+00:00, run_after=2023-02-27T10:15:00+00:00
[2023-02-27T10:11:07.772+0000] {processor.py:175} INFO - Processing /opt/airflow/dags/slave_dag.py took 0.096 seconds
[2023-02-27T10:11:38.303+0000] {processor.py:153} INFO - Started process (PID=6678) to work on /opt/airflow/dags/slave_dag.py
[2023-02-27T10:11:38.305+0000] {processor.py:743} INFO - Processing file /opt/airflow/dags/slave_dag.py for tasks to queue
[2023-02-27T10:11:38.307+0000] {logging_mixin.py:137} INFO - [2023-02-27T10:11:38.306+0000] {dagbag.py:538} INFO - Filling up the DagBag from /opt/airflow/dags/slave_dag.py
[2023-02-27T10:11:38.330+0000] {processor.py:753} INFO - DAG(s) dict_keys(['slave_dag']) retrieved from /opt/airflow/dags/slave_dag.py
[2023-02-27T10:11:38.351+0000] {logging_mixin.py:137} INFO - [2023-02-27T10:11:38.351+0000] {dag.py:2690} INFO - Sync 1 DAGs
[2023-02-27T10:11:38.370+0000] {logging_mixin.py:137} INFO - [2023-02-27T10:11:38.370+0000] {dag.py:3441} INFO - Setting next_dagrun for slave_dag to 2023-02-27T10:10:00+00:00, run_after=2023-02-27T10:15:00+00:00
[2023-02-27T10:11:38.383+0000] {processor.py:175} INFO - Processing /opt/airflow/dags/slave_dag.py took 0.085 seconds
[2023-02-27T10:12:08.749+0000] {processor.py:153} INFO - Started process (PID=6718) to work on /opt/airflow/dags/slave_dag.py
[2023-02-27T10:12:08.752+0000] {processor.py:743} INFO - Processing file /opt/airflow/dags/slave_dag.py for tasks to queue
[2023-02-27T10:12:08.754+0000] {logging_mixin.py:137} INFO - [2023-02-27T10:12:08.754+0000] {dagbag.py:538} INFO - Filling up the DagBag from /opt/airflow/dags/slave_dag.py
[2023-02-27T10:12:08.775+0000] {processor.py:753} INFO - DAG(s) dict_keys(['slave_dag']) retrieved from /opt/airflow/dags/slave_dag.py
[2023-02-27T10:12:08.795+0000] {logging_mixin.py:137} INFO - [2023-02-27T10:12:08.795+0000] {dag.py:2690} INFO - Sync 1 DAGs
[2023-02-27T10:12:08.815+0000] {logging_mixin.py:137} INFO - [2023-02-27T10:12:08.815+0000] {dag.py:3441} INFO - Setting next_dagrun for slave_dag to 2023-02-27T10:10:00+00:00, run_after=2023-02-27T10:15:00+00:00
[2023-02-27T10:12:08.828+0000] {processor.py:175} INFO - Processing /opt/airflow/dags/slave_dag.py took 0.086 seconds
[2023-02-27T10:12:39.198+0000] {processor.py:153} INFO - Started process (PID=6745) to work on /opt/airflow/dags/slave_dag.py
[2023-02-27T10:12:39.201+0000] {processor.py:743} INFO - Processing file /opt/airflow/dags/slave_dag.py for tasks to queue
[2023-02-27T10:12:39.203+0000] {logging_mixin.py:137} INFO - [2023-02-27T10:12:39.203+0000] {dagbag.py:538} INFO - Filling up the DagBag from /opt/airflow/dags/slave_dag.py
[2023-02-27T10:12:39.226+0000] {processor.py:753} INFO - DAG(s) dict_keys(['slave_dag']) retrieved from /opt/airflow/dags/slave_dag.py
[2023-02-27T10:12:39.248+0000] {logging_mixin.py:137} INFO - [2023-02-27T10:12:39.248+0000] {dag.py:2690} INFO - Sync 1 DAGs
[2023-02-27T10:12:39.268+0000] {logging_mixin.py:137} INFO - [2023-02-27T10:12:39.268+0000] {dag.py:3441} INFO - Setting next_dagrun for slave_dag to 2023-02-27T10:10:00+00:00, run_after=2023-02-27T10:15:00+00:00
[2023-02-27T10:12:39.281+0000] {processor.py:175} INFO - Processing /opt/airflow/dags/slave_dag.py took 0.090 seconds
[2023-02-27T10:13:09.713+0000] {processor.py:153} INFO - Started process (PID=6783) to work on /opt/airflow/dags/slave_dag.py
[2023-02-27T10:13:09.716+0000] {processor.py:743} INFO - Processing file /opt/airflow/dags/slave_dag.py for tasks to queue
[2023-02-27T10:13:09.718+0000] {logging_mixin.py:137} INFO - [2023-02-27T10:13:09.717+0000] {dagbag.py:538} INFO - Filling up the DagBag from /opt/airflow/dags/slave_dag.py
[2023-02-27T10:13:09.745+0000] {processor.py:753} INFO - DAG(s) dict_keys(['slave_dag']) retrieved from /opt/airflow/dags/slave_dag.py
[2023-02-27T10:13:09.775+0000] {logging_mixin.py:137} INFO - [2023-02-27T10:13:09.775+0000] {dag.py:2690} INFO - Sync 1 DAGs
[2023-02-27T10:13:09.795+0000] {logging_mixin.py:137} INFO - [2023-02-27T10:13:09.795+0000] {dag.py:3441} INFO - Setting next_dagrun for slave_dag to 2023-02-27T10:10:00+00:00, run_after=2023-02-27T10:15:00+00:00
[2023-02-27T10:13:09.807+0000] {processor.py:175} INFO - Processing /opt/airflow/dags/slave_dag.py took 0.100 seconds
[2023-02-27T10:13:40.119+0000] {processor.py:153} INFO - Started process (PID=6822) to work on /opt/airflow/dags/slave_dag.py
[2023-02-27T10:13:40.122+0000] {processor.py:743} INFO - Processing file /opt/airflow/dags/slave_dag.py for tasks to queue
[2023-02-27T10:13:40.123+0000] {logging_mixin.py:137} INFO - [2023-02-27T10:13:40.122+0000] {dagbag.py:538} INFO - Filling up the DagBag from /opt/airflow/dags/slave_dag.py
[2023-02-27T10:13:40.141+0000] {processor.py:753} INFO - DAG(s) dict_keys(['slave_dag']) retrieved from /opt/airflow/dags/slave_dag.py
[2023-02-27T10:13:40.166+0000] {logging_mixin.py:137} INFO - [2023-02-27T10:13:40.166+0000] {dag.py:2690} INFO - Sync 1 DAGs
[2023-02-27T10:13:40.186+0000] {logging_mixin.py:137} INFO - [2023-02-27T10:13:40.186+0000] {dag.py:3441} INFO - Setting next_dagrun for slave_dag to 2023-02-27T10:10:00+00:00, run_after=2023-02-27T10:15:00+00:00
[2023-02-27T10:13:40.198+0000] {processor.py:175} INFO - Processing /opt/airflow/dags/slave_dag.py took 0.082 seconds
[2023-02-27T10:14:10.452+0000] {processor.py:153} INFO - Started process (PID=6849) to work on /opt/airflow/dags/slave_dag.py
[2023-02-27T10:14:10.454+0000] {processor.py:743} INFO - Processing file /opt/airflow/dags/slave_dag.py for tasks to queue
[2023-02-27T10:14:10.455+0000] {logging_mixin.py:137} INFO - [2023-02-27T10:14:10.455+0000] {dagbag.py:538} INFO - Filling up the DagBag from /opt/airflow/dags/slave_dag.py
[2023-02-27T10:14:10.472+0000] {processor.py:753} INFO - DAG(s) dict_keys(['slave_dag']) retrieved from /opt/airflow/dags/slave_dag.py
[2023-02-27T10:14:10.495+0000] {logging_mixin.py:137} INFO - [2023-02-27T10:14:10.495+0000] {dag.py:2690} INFO - Sync 1 DAGs
[2023-02-27T10:14:10.516+0000] {logging_mixin.py:137} INFO - [2023-02-27T10:14:10.516+0000] {dag.py:3441} INFO - Setting next_dagrun for slave_dag to 2023-02-27T10:10:00+00:00, run_after=2023-02-27T10:15:00+00:00
[2023-02-27T10:14:10.529+0000] {processor.py:175} INFO - Processing /opt/airflow/dags/slave_dag.py took 0.080 seconds
[2023-02-27T10:14:40.954+0000] {processor.py:153} INFO - Started process (PID=6888) to work on /opt/airflow/dags/slave_dag.py
[2023-02-27T10:14:40.956+0000] {processor.py:743} INFO - Processing file /opt/airflow/dags/slave_dag.py for tasks to queue
[2023-02-27T10:14:40.958+0000] {logging_mixin.py:137} INFO - [2023-02-27T10:14:40.958+0000] {dagbag.py:538} INFO - Filling up the DagBag from /opt/airflow/dags/slave_dag.py
[2023-02-27T10:14:40.984+0000] {processor.py:753} INFO - DAG(s) dict_keys(['slave_dag']) retrieved from /opt/airflow/dags/slave_dag.py
[2023-02-27T10:14:41.008+0000] {logging_mixin.py:137} INFO - [2023-02-27T10:14:41.008+0000] {dag.py:2690} INFO - Sync 1 DAGs
[2023-02-27T10:14:41.028+0000] {logging_mixin.py:137} INFO - [2023-02-27T10:14:41.028+0000] {dag.py:3441} INFO - Setting next_dagrun for slave_dag to 2023-02-27T10:10:00+00:00, run_after=2023-02-27T10:15:00+00:00
[2023-02-27T10:14:41.041+0000] {processor.py:175} INFO - Processing /opt/airflow/dags/slave_dag.py took 0.094 seconds
[2023-02-27T10:15:11.444+0000] {processor.py:153} INFO - Started process (PID=6920) to work on /opt/airflow/dags/slave_dag.py
[2023-02-27T10:15:11.447+0000] {processor.py:743} INFO - Processing file /opt/airflow/dags/slave_dag.py for tasks to queue
[2023-02-27T10:15:11.449+0000] {logging_mixin.py:137} INFO - [2023-02-27T10:15:11.448+0000] {dagbag.py:538} INFO - Filling up the DagBag from /opt/airflow/dags/slave_dag.py
[2023-02-27T10:15:11.468+0000] {processor.py:753} INFO - DAG(s) dict_keys(['slave_dag']) retrieved from /opt/airflow/dags/slave_dag.py
[2023-02-27T10:15:11.489+0000] {logging_mixin.py:137} INFO - [2023-02-27T10:15:11.489+0000] {dag.py:2690} INFO - Sync 1 DAGs
[2023-02-27T10:15:11.509+0000] {logging_mixin.py:137} INFO - [2023-02-27T10:15:11.509+0000] {dag.py:3441} INFO - Setting next_dagrun for slave_dag to 2023-02-27T10:15:00+00:00, run_after=2023-02-27T10:20:00+00:00
[2023-02-27T10:15:11.522+0000] {processor.py:175} INFO - Processing /opt/airflow/dags/slave_dag.py took 0.085 seconds
[2023-02-27T10:15:41.871+0000] {processor.py:153} INFO - Started process (PID=6959) to work on /opt/airflow/dags/slave_dag.py
[2023-02-27T10:15:41.874+0000] {processor.py:743} INFO - Processing file /opt/airflow/dags/slave_dag.py for tasks to queue
[2023-02-27T10:15:41.876+0000] {logging_mixin.py:137} INFO - [2023-02-27T10:15:41.876+0000] {dagbag.py:538} INFO - Filling up the DagBag from /opt/airflow/dags/slave_dag.py
[2023-02-27T10:15:41.897+0000] {processor.py:753} INFO - DAG(s) dict_keys(['slave_dag']) retrieved from /opt/airflow/dags/slave_dag.py
[2023-02-27T10:15:41.920+0000] {logging_mixin.py:137} INFO - [2023-02-27T10:15:41.920+0000] {dag.py:2690} INFO - Sync 1 DAGs
[2023-02-27T10:15:41.941+0000] {logging_mixin.py:137} INFO - [2023-02-27T10:15:41.941+0000] {dag.py:3441} INFO - Setting next_dagrun for slave_dag to 2023-02-27T10:15:00+00:00, run_after=2023-02-27T10:20:00+00:00
[2023-02-27T10:15:41.952+0000] {processor.py:175} INFO - Processing /opt/airflow/dags/slave_dag.py took 0.089 seconds
[2023-02-27T10:16:12.399+0000] {processor.py:153} INFO - Started process (PID=6999) to work on /opt/airflow/dags/slave_dag.py
[2023-02-27T10:16:12.401+0000] {processor.py:743} INFO - Processing file /opt/airflow/dags/slave_dag.py for tasks to queue
[2023-02-27T10:16:12.402+0000] {logging_mixin.py:137} INFO - [2023-02-27T10:16:12.402+0000] {dagbag.py:538} INFO - Filling up the DagBag from /opt/airflow/dags/slave_dag.py
[2023-02-27T10:16:12.419+0000] {processor.py:753} INFO - DAG(s) dict_keys(['slave_dag']) retrieved from /opt/airflow/dags/slave_dag.py
[2023-02-27T10:16:12.441+0000] {logging_mixin.py:137} INFO - [2023-02-27T10:16:12.441+0000] {dag.py:2690} INFO - Sync 1 DAGs
[2023-02-27T10:16:12.462+0000] {logging_mixin.py:137} INFO - [2023-02-27T10:16:12.462+0000] {dag.py:3441} INFO - Setting next_dagrun for slave_dag to 2023-02-27T10:15:00+00:00, run_after=2023-02-27T10:20:00+00:00
[2023-02-27T10:16:12.475+0000] {processor.py:175} INFO - Processing /opt/airflow/dags/slave_dag.py took 0.082 seconds
[2023-02-27T10:16:42.788+0000] {processor.py:153} INFO - Started process (PID=7027) to work on /opt/airflow/dags/slave_dag.py
[2023-02-27T10:16:42.791+0000] {processor.py:743} INFO - Processing file /opt/airflow/dags/slave_dag.py for tasks to queue
[2023-02-27T10:16:42.792+0000] {logging_mixin.py:137} INFO - [2023-02-27T10:16:42.792+0000] {dagbag.py:538} INFO - Filling up the DagBag from /opt/airflow/dags/slave_dag.py
[2023-02-27T10:16:42.810+0000] {processor.py:753} INFO - DAG(s) dict_keys(['slave_dag']) retrieved from /opt/airflow/dags/slave_dag.py
[2023-02-27T10:16:42.831+0000] {logging_mixin.py:137} INFO - [2023-02-27T10:16:42.831+0000] {dag.py:2690} INFO - Sync 1 DAGs
[2023-02-27T10:16:42.850+0000] {logging_mixin.py:137} INFO - [2023-02-27T10:16:42.850+0000] {dag.py:3441} INFO - Setting next_dagrun for slave_dag to 2023-02-27T10:15:00+00:00, run_after=2023-02-27T10:20:00+00:00
[2023-02-27T10:16:42.862+0000] {processor.py:175} INFO - Processing /opt/airflow/dags/slave_dag.py took 0.082 seconds
[2023-02-27T10:17:13.240+0000] {processor.py:153} INFO - Started process (PID=7066) to work on /opt/airflow/dags/slave_dag.py
[2023-02-27T10:17:13.243+0000] {processor.py:743} INFO - Processing file /opt/airflow/dags/slave_dag.py for tasks to queue
[2023-02-27T10:17:13.244+0000] {logging_mixin.py:137} INFO - [2023-02-27T10:17:13.244+0000] {dagbag.py:538} INFO - Filling up the DagBag from /opt/airflow/dags/slave_dag.py
[2023-02-27T10:17:13.267+0000] {processor.py:753} INFO - DAG(s) dict_keys(['slave_dag']) retrieved from /opt/airflow/dags/slave_dag.py
[2023-02-27T10:17:13.291+0000] {logging_mixin.py:137} INFO - [2023-02-27T10:17:13.291+0000] {dag.py:2690} INFO - Sync 1 DAGs
[2023-02-27T10:17:13.312+0000] {logging_mixin.py:137} INFO - [2023-02-27T10:17:13.312+0000] {dag.py:3441} INFO - Setting next_dagrun for slave_dag to 2023-02-27T10:15:00+00:00, run_after=2023-02-27T10:20:00+00:00
[2023-02-27T10:17:13.325+0000] {processor.py:175} INFO - Processing /opt/airflow/dags/slave_dag.py took 0.094 seconds
[2023-02-27T10:17:43.677+0000] {processor.py:153} INFO - Started process (PID=7103) to work on /opt/airflow/dags/slave_dag.py
[2023-02-27T10:17:43.680+0000] {processor.py:743} INFO - Processing file /opt/airflow/dags/slave_dag.py for tasks to queue
[2023-02-27T10:17:43.680+0000] {logging_mixin.py:137} INFO - [2023-02-27T10:17:43.680+0000] {dagbag.py:538} INFO - Filling up the DagBag from /opt/airflow/dags/slave_dag.py
[2023-02-27T10:17:43.695+0000] {processor.py:753} INFO - DAG(s) dict_keys(['slave_dag']) retrieved from /opt/airflow/dags/slave_dag.py
[2023-02-27T10:17:43.716+0000] {logging_mixin.py:137} INFO - [2023-02-27T10:17:43.716+0000] {dag.py:2690} INFO - Sync 1 DAGs
[2023-02-27T10:17:43.736+0000] {logging_mixin.py:137} INFO - [2023-02-27T10:17:43.736+0000] {dag.py:3441} INFO - Setting next_dagrun for slave_dag to 2023-02-27T10:15:00+00:00, run_after=2023-02-27T10:20:00+00:00
[2023-02-27T10:17:43.751+0000] {processor.py:175} INFO - Processing /opt/airflow/dags/slave_dag.py took 0.077 seconds
[2023-02-27T10:18:14.232+0000] {processor.py:153} INFO - Started process (PID=7132) to work on /opt/airflow/dags/slave_dag.py
[2023-02-27T10:18:14.236+0000] {processor.py:743} INFO - Processing file /opt/airflow/dags/slave_dag.py for tasks to queue
[2023-02-27T10:18:14.237+0000] {logging_mixin.py:137} INFO - [2023-02-27T10:18:14.237+0000] {dagbag.py:538} INFO - Filling up the DagBag from /opt/airflow/dags/slave_dag.py
[2023-02-27T10:18:14.266+0000] {processor.py:753} INFO - DAG(s) dict_keys(['slave_dag']) retrieved from /opt/airflow/dags/slave_dag.py
[2023-02-27T10:18:14.302+0000] {logging_mixin.py:137} INFO - [2023-02-27T10:18:14.302+0000] {dag.py:2690} INFO - Sync 1 DAGs
[2023-02-27T10:18:14.325+0000] {logging_mixin.py:137} INFO - [2023-02-27T10:18:14.325+0000] {dag.py:3441} INFO - Setting next_dagrun for slave_dag to 2023-02-27T10:15:00+00:00, run_after=2023-02-27T10:20:00+00:00
[2023-02-27T10:18:14.338+0000] {processor.py:175} INFO - Processing /opt/airflow/dags/slave_dag.py took 0.111 seconds
[2023-02-27T10:18:44.694+0000] {processor.py:153} INFO - Started process (PID=7170) to work on /opt/airflow/dags/slave_dag.py
[2023-02-27T10:18:44.698+0000] {processor.py:743} INFO - Processing file /opt/airflow/dags/slave_dag.py for tasks to queue
[2023-02-27T10:18:44.700+0000] {logging_mixin.py:137} INFO - [2023-02-27T10:18:44.700+0000] {dagbag.py:538} INFO - Filling up the DagBag from /opt/airflow/dags/slave_dag.py
[2023-02-27T10:18:44.726+0000] {processor.py:753} INFO - DAG(s) dict_keys(['slave_dag']) retrieved from /opt/airflow/dags/slave_dag.py
[2023-02-27T10:18:44.759+0000] {logging_mixin.py:137} INFO - [2023-02-27T10:18:44.758+0000] {dag.py:2690} INFO - Sync 1 DAGs
[2023-02-27T10:18:44.779+0000] {logging_mixin.py:137} INFO - [2023-02-27T10:18:44.779+0000] {dag.py:3441} INFO - Setting next_dagrun for slave_dag to 2023-02-27T10:15:00+00:00, run_after=2023-02-27T10:20:00+00:00
[2023-02-27T10:18:44.792+0000] {processor.py:175} INFO - Processing /opt/airflow/dags/slave_dag.py took 0.104 seconds
[2023-02-27T10:19:15.195+0000] {processor.py:153} INFO - Started process (PID=7196) to work on /opt/airflow/dags/slave_dag.py
[2023-02-27T10:19:15.199+0000] {processor.py:743} INFO - Processing file /opt/airflow/dags/slave_dag.py for tasks to queue
[2023-02-27T10:19:15.200+0000] {logging_mixin.py:137} INFO - [2023-02-27T10:19:15.200+0000] {dagbag.py:538} INFO - Filling up the DagBag from /opt/airflow/dags/slave_dag.py
[2023-02-27T10:19:15.219+0000] {processor.py:753} INFO - DAG(s) dict_keys(['slave_dag']) retrieved from /opt/airflow/dags/slave_dag.py
[2023-02-27T10:19:15.242+0000] {logging_mixin.py:137} INFO - [2023-02-27T10:19:15.242+0000] {dag.py:2690} INFO - Sync 1 DAGs
[2023-02-27T10:19:15.263+0000] {logging_mixin.py:137} INFO - [2023-02-27T10:19:15.262+0000] {dag.py:3441} INFO - Setting next_dagrun for slave_dag to 2023-02-27T10:15:00+00:00, run_after=2023-02-27T10:20:00+00:00
[2023-02-27T10:19:15.276+0000] {processor.py:175} INFO - Processing /opt/airflow/dags/slave_dag.py took 0.087 seconds
[2023-02-27T10:19:45.640+0000] {processor.py:153} INFO - Started process (PID=7235) to work on /opt/airflow/dags/slave_dag.py
[2023-02-27T10:19:45.644+0000] {processor.py:743} INFO - Processing file /opt/airflow/dags/slave_dag.py for tasks to queue
[2023-02-27T10:19:45.645+0000] {logging_mixin.py:137} INFO - [2023-02-27T10:19:45.645+0000] {dagbag.py:538} INFO - Filling up the DagBag from /opt/airflow/dags/slave_dag.py
[2023-02-27T10:19:45.667+0000] {processor.py:753} INFO - DAG(s) dict_keys(['slave_dag']) retrieved from /opt/airflow/dags/slave_dag.py
[2023-02-27T10:19:45.699+0000] {logging_mixin.py:137} INFO - [2023-02-27T10:19:45.699+0000] {dag.py:2690} INFO - Sync 1 DAGs
[2023-02-27T10:19:45.721+0000] {logging_mixin.py:137} INFO - [2023-02-27T10:19:45.721+0000] {dag.py:3441} INFO - Setting next_dagrun for slave_dag to 2023-02-27T10:15:00+00:00, run_after=2023-02-27T10:20:00+00:00
[2023-02-27T10:19:45.734+0000] {processor.py:175} INFO - Processing /opt/airflow/dags/slave_dag.py took 0.099 seconds
[2023-02-27T10:20:15.994+0000] {processor.py:153} INFO - Started process (PID=7278) to work on /opt/airflow/dags/slave_dag.py
[2023-02-27T10:20:15.996+0000] {processor.py:743} INFO - Processing file /opt/airflow/dags/slave_dag.py for tasks to queue
[2023-02-27T10:20:15.997+0000] {logging_mixin.py:137} INFO - [2023-02-27T10:20:15.997+0000] {dagbag.py:538} INFO - Filling up the DagBag from /opt/airflow/dags/slave_dag.py
[2023-02-27T10:20:16.013+0000] {processor.py:753} INFO - DAG(s) dict_keys(['slave_dag']) retrieved from /opt/airflow/dags/slave_dag.py
[2023-02-27T10:20:16.035+0000] {logging_mixin.py:137} INFO - [2023-02-27T10:20:16.035+0000] {dag.py:2690} INFO - Sync 1 DAGs
[2023-02-27T10:20:16.055+0000] {logging_mixin.py:137} INFO - [2023-02-27T10:20:16.055+0000] {dag.py:3441} INFO - Setting next_dagrun for slave_dag to 2023-02-27T10:20:00+00:00, run_after=2023-02-27T10:25:00+00:00
[2023-02-27T10:20:16.068+0000] {processor.py:175} INFO - Processing /opt/airflow/dags/slave_dag.py took 0.077 seconds
[2023-02-27T10:20:46.512+0000] {processor.py:153} INFO - Started process (PID=7305) to work on /opt/airflow/dags/slave_dag.py
[2023-02-27T10:20:46.516+0000] {processor.py:743} INFO - Processing file /opt/airflow/dags/slave_dag.py for tasks to queue
[2023-02-27T10:20:46.517+0000] {logging_mixin.py:137} INFO - [2023-02-27T10:20:46.517+0000] {dagbag.py:538} INFO - Filling up the DagBag from /opt/airflow/dags/slave_dag.py
[2023-02-27T10:20:46.543+0000] {processor.py:753} INFO - DAG(s) dict_keys(['slave_dag']) retrieved from /opt/airflow/dags/slave_dag.py
[2023-02-27T10:20:46.569+0000] {logging_mixin.py:137} INFO - [2023-02-27T10:20:46.569+0000] {dag.py:2690} INFO - Sync 1 DAGs
[2023-02-27T10:20:46.591+0000] {logging_mixin.py:137} INFO - [2023-02-27T10:20:46.591+0000] {dag.py:3441} INFO - Setting next_dagrun for slave_dag to 2023-02-27T10:20:00+00:00, run_after=2023-02-27T10:25:00+00:00
[2023-02-27T10:20:46.605+0000] {processor.py:175} INFO - Processing /opt/airflow/dags/slave_dag.py took 0.100 seconds
[2023-02-27T10:21:17.014+0000] {processor.py:153} INFO - Started process (PID=7343) to work on /opt/airflow/dags/slave_dag.py
[2023-02-27T10:21:17.019+0000] {processor.py:743} INFO - Processing file /opt/airflow/dags/slave_dag.py for tasks to queue
[2023-02-27T10:21:17.021+0000] {logging_mixin.py:137} INFO - [2023-02-27T10:21:17.021+0000] {dagbag.py:538} INFO - Filling up the DagBag from /opt/airflow/dags/slave_dag.py
[2023-02-27T10:21:17.055+0000] {processor.py:753} INFO - DAG(s) dict_keys(['slave_dag']) retrieved from /opt/airflow/dags/slave_dag.py
[2023-02-27T10:21:17.083+0000] {logging_mixin.py:137} INFO - [2023-02-27T10:21:17.083+0000] {dag.py:2690} INFO - Sync 1 DAGs
[2023-02-27T10:21:17.106+0000] {logging_mixin.py:137} INFO - [2023-02-27T10:21:17.106+0000] {dag.py:3441} INFO - Setting next_dagrun for slave_dag to 2023-02-27T10:20:00+00:00, run_after=2023-02-27T10:25:00+00:00
[2023-02-27T10:21:17.119+0000] {processor.py:175} INFO - Processing /opt/airflow/dags/slave_dag.py took 0.114 seconds
[2023-02-27T10:21:47.505+0000] {processor.py:153} INFO - Started process (PID=7371) to work on /opt/airflow/dags/slave_dag.py
[2023-02-27T10:21:47.508+0000] {processor.py:743} INFO - Processing file /opt/airflow/dags/slave_dag.py for tasks to queue
[2023-02-27T10:21:47.509+0000] {logging_mixin.py:137} INFO - [2023-02-27T10:21:47.509+0000] {dagbag.py:538} INFO - Filling up the DagBag from /opt/airflow/dags/slave_dag.py
[2023-02-27T10:21:47.529+0000] {processor.py:753} INFO - DAG(s) dict_keys(['slave_dag']) retrieved from /opt/airflow/dags/slave_dag.py
[2023-02-27T10:21:47.553+0000] {logging_mixin.py:137} INFO - [2023-02-27T10:21:47.553+0000] {dag.py:2690} INFO - Sync 1 DAGs
[2023-02-27T10:21:47.575+0000] {logging_mixin.py:137} INFO - [2023-02-27T10:21:47.574+0000] {dag.py:3441} INFO - Setting next_dagrun for slave_dag to 2023-02-27T10:20:00+00:00, run_after=2023-02-27T10:25:00+00:00
[2023-02-27T10:21:47.588+0000] {processor.py:175} INFO - Processing /opt/airflow/dags/slave_dag.py took 0.089 seconds
[2023-02-27T10:22:17.920+0000] {processor.py:153} INFO - Started process (PID=7409) to work on /opt/airflow/dags/slave_dag.py
[2023-02-27T10:22:17.923+0000] {processor.py:743} INFO - Processing file /opt/airflow/dags/slave_dag.py for tasks to queue
[2023-02-27T10:22:17.925+0000] {logging_mixin.py:137} INFO - [2023-02-27T10:22:17.925+0000] {dagbag.py:538} INFO - Filling up the DagBag from /opt/airflow/dags/slave_dag.py
[2023-02-27T10:22:17.950+0000] {processor.py:753} INFO - DAG(s) dict_keys(['slave_dag']) retrieved from /opt/airflow/dags/slave_dag.py
[2023-02-27T10:22:17.974+0000] {logging_mixin.py:137} INFO - [2023-02-27T10:22:17.974+0000] {dag.py:2690} INFO - Sync 1 DAGs
[2023-02-27T10:22:17.993+0000] {logging_mixin.py:137} INFO - [2023-02-27T10:22:17.993+0000] {dag.py:3441} INFO - Setting next_dagrun for slave_dag to 2023-02-27T10:20:00+00:00, run_after=2023-02-27T10:25:00+00:00
[2023-02-27T10:22:18.006+0000] {processor.py:175} INFO - Processing /opt/airflow/dags/slave_dag.py took 0.092 seconds
[2023-02-27T10:22:48.313+0000] {processor.py:153} INFO - Started process (PID=7447) to work on /opt/airflow/dags/slave_dag.py
[2023-02-27T10:22:48.315+0000] {processor.py:743} INFO - Processing file /opt/airflow/dags/slave_dag.py for tasks to queue
[2023-02-27T10:22:48.316+0000] {logging_mixin.py:137} INFO - [2023-02-27T10:22:48.316+0000] {dagbag.py:538} INFO - Filling up the DagBag from /opt/airflow/dags/slave_dag.py
[2023-02-27T10:22:48.333+0000] {processor.py:753} INFO - DAG(s) dict_keys(['slave_dag']) retrieved from /opt/airflow/dags/slave_dag.py
[2023-02-27T10:22:48.356+0000] {logging_mixin.py:137} INFO - [2023-02-27T10:22:48.356+0000] {dag.py:2690} INFO - Sync 1 DAGs
[2023-02-27T10:22:48.378+0000] {logging_mixin.py:137} INFO - [2023-02-27T10:22:48.378+0000] {dag.py:3441} INFO - Setting next_dagrun for slave_dag to 2023-02-27T10:20:00+00:00, run_after=2023-02-27T10:25:00+00:00
[2023-02-27T10:22:48.392+0000] {processor.py:175} INFO - Processing /opt/airflow/dags/slave_dag.py took 0.083 seconds
