[2023-02-27T15:39:55.320+0000] {taskinstance.py:1083} INFO - Dependencies all met for <TaskInstance: first_dag.choose_best_model manual__2023-02-27T15:39:52.915495+00:00 [queued]>
[2023-02-27T15:39:55.326+0000] {taskinstance.py:1083} INFO - Dependencies all met for <TaskInstance: first_dag.choose_best_model manual__2023-02-27T15:39:52.915495+00:00 [queued]>
[2023-02-27T15:39:55.327+0000] {taskinstance.py:1279} INFO - 
--------------------------------------------------------------------------------
[2023-02-27T15:39:55.327+0000] {taskinstance.py:1280} INFO - Starting attempt 1 of 1
[2023-02-27T15:39:55.328+0000] {taskinstance.py:1281} INFO - 
--------------------------------------------------------------------------------
[2023-02-27T15:39:55.335+0000] {taskinstance.py:1300} INFO - Executing <Task(BranchPythonOperator): choose_best_model> on 2023-02-27 15:39:52.915495+00:00
[2023-02-27T15:39:55.339+0000] {standard_task_runner.py:55} INFO - Started process 20186 to run task
[2023-02-27T15:39:55.342+0000] {standard_task_runner.py:82} INFO - Running: ['***', 'tasks', 'run', 'first_dag', 'choose_best_model', 'manual__2023-02-27T15:39:52.915495+00:00', '--job-id', '58', '--raw', '--subdir', 'DAGS_FOLDER/first_dag.py', '--cfg-path', '/tmp/tmpthlu16wf']
[2023-02-27T15:39:55.343+0000] {standard_task_runner.py:83} INFO - Job 58: Subtask choose_best_model
[2023-02-27T15:39:55.390+0000] {task_command.py:388} INFO - Running <TaskInstance: first_dag.choose_best_model manual__2023-02-27T15:39:52.915495+00:00 [running]> on host f7c6263a9b51
[2023-02-27T15:39:55.433+0000] {taskinstance.py:1509} INFO - Exporting the following env vars:
AIRFLOW_CTX_DAG_OWNER=***
AIRFLOW_CTX_DAG_ID=first_dag
AIRFLOW_CTX_TASK_ID=choose_best_model
AIRFLOW_CTX_EXECUTION_DATE=2023-02-27T15:39:52.915495+00:00
AIRFLOW_CTX_TRY_NUMBER=1
AIRFLOW_CTX_DAG_RUN_ID=manual__2023-02-27T15:39:52.915495+00:00
[2023-02-27T15:39:55.442+0000] {python.py:177} INFO - Done. Returned value was: inaccurate
[2023-02-27T15:39:55.442+0000] {python.py:211} INFO - Branch callable return inaccurate
[2023-02-27T15:39:55.443+0000] {skipmixin.py:155} INFO - Following branch inaccurate
[2023-02-27T15:39:55.444+0000] {skipmixin.py:211} INFO - Skipping tasks ['accurate']
[2023-02-27T15:39:55.476+0000] {taskinstance.py:1323} INFO - Marking task as SUCCESS. dag_id=first_dag, task_id=choose_best_model, execution_date=20230227T153952, start_date=20230227T153955, end_date=20230227T153955
[2023-02-27T15:39:55.515+0000] {local_task_job.py:208} INFO - Task exited with return code 0
[2023-02-27T15:39:55.536+0000] {taskinstance.py:2578} INFO - 1 downstream tasks scheduled from follow-on schedule check
