[2023-02-27T10:15:00.934+0000] {taskinstance.py:1083} INFO - Dependencies all met for <TaskInstance: master_dag.sensor scheduled__2023-02-27T10:10:00+00:00 [queued]>
[2023-02-27T10:15:00.943+0000] {taskinstance.py:1083} INFO - Dependencies all met for <TaskInstance: master_dag.sensor scheduled__2023-02-27T10:10:00+00:00 [queued]>
[2023-02-27T10:15:00.943+0000] {taskinstance.py:1279} INFO - 
--------------------------------------------------------------------------------
[2023-02-27T10:15:00.944+0000] {taskinstance.py:1280} INFO - Starting attempt 1 of 1
[2023-02-27T10:15:00.944+0000] {taskinstance.py:1281} INFO - 
--------------------------------------------------------------------------------
[2023-02-27T10:15:00.962+0000] {taskinstance.py:1300} INFO - Executing <Task(ExternalTaskSensor): sensor> on 2023-02-27 10:10:00+00:00
[2023-02-27T10:15:00.967+0000] {standard_task_runner.py:55} INFO - Started process 6588 to run task
[2023-02-27T10:15:00.974+0000] {standard_task_runner.py:82} INFO - Running: ['***', 'tasks', 'run', 'master_dag', 'sensor', 'scheduled__2023-02-27T10:10:00+00:00', '--job-id', '42', '--raw', '--subdir', 'DAGS_FOLDER/master_dag.py', '--cfg-path', '/tmp/tmp1dji733t']
[2023-02-27T10:15:00.977+0000] {standard_task_runner.py:83} INFO - Job 42: Subtask sensor
[2023-02-27T10:15:01.091+0000] {task_command.py:388} INFO - Running <TaskInstance: master_dag.sensor scheduled__2023-02-27T10:10:00+00:00 [running]> on host f7c6263a9b51
[2023-02-27T10:15:01.177+0000] {taskinstance.py:1509} INFO - Exporting the following env vars:
AIRFLOW_CTX_DAG_OWNER=***
AIRFLOW_CTX_DAG_ID=master_dag
AIRFLOW_CTX_TASK_ID=sensor
AIRFLOW_CTX_EXECUTION_DATE=2023-02-27T10:10:00+00:00
AIRFLOW_CTX_TRY_NUMBER=1
AIRFLOW_CTX_DAG_RUN_ID=scheduled__2023-02-27T10:10:00+00:00
[2023-02-27T10:15:01.179+0000] {external_task.py:209} INFO - Poking for tasks ['t1'] in dag slave_dag on 2023-02-27T10:10:00+00:00 ... 
[2023-02-27T10:16:01.271+0000] {external_task.py:209} INFO - Poking for tasks ['t1'] in dag slave_dag on 2023-02-27T10:10:00+00:00 ... 
[2023-02-27T10:16:01.297+0000] {base.py:228} INFO - Success criteria met. Exiting.
[2023-02-27T10:16:01.314+0000] {taskinstance.py:1323} INFO - Marking task as SUCCESS. dag_id=master_dag, task_id=sensor, execution_date=20230227T101000, start_date=20230227T101500, end_date=20230227T101601
[2023-02-27T10:16:01.364+0000] {local_task_job.py:208} INFO - Task exited with return code 0
[2023-02-27T10:16:01.379+0000] {taskinstance.py:2578} INFO - 0 downstream tasks scheduled from follow-on schedule check
