[2023-02-26T13:39:25.013+0000] {taskinstance.py:1083} INFO - Dependencies all met for <TaskInstance: my_dag.training_model_A manual__2023-02-26T13:39:24.335138+00:00 [queued]>
[2023-02-26T13:39:25.020+0000] {taskinstance.py:1083} INFO - Dependencies all met for <TaskInstance: my_dag.training_model_A manual__2023-02-26T13:39:24.335138+00:00 [queued]>
[2023-02-26T13:39:25.020+0000] {taskinstance.py:1279} INFO - 
--------------------------------------------------------------------------------
[2023-02-26T13:39:25.021+0000] {taskinstance.py:1280} INFO - Starting attempt 1 of 1
[2023-02-26T13:39:25.021+0000] {taskinstance.py:1281} INFO - 
--------------------------------------------------------------------------------
[2023-02-26T13:39:25.031+0000] {taskinstance.py:1300} INFO - Executing <Task(PythonOperator): training_model_A> on 2023-02-26 13:39:24.335138+00:00
[2023-02-26T13:39:25.035+0000] {standard_task_runner.py:55} INFO - Started process 8836 to run task
[2023-02-26T13:39:25.041+0000] {standard_task_runner.py:82} INFO - Running: ['***', 'tasks', 'run', 'my_dag', 'training_model_A', 'manual__2023-02-26T13:39:24.335138+00:00', '--job-id', '25', '--raw', '--subdir', 'DAGS_FOLDER/my_dag.py', '--cfg-path', '/tmp/tmp55vrvmfu']
[2023-02-26T13:39:25.041+0000] {standard_task_runner.py:83} INFO - Job 25: Subtask training_model_A
[2023-02-26T13:39:25.097+0000] {task_command.py:388} INFO - Running <TaskInstance: my_dag.training_model_A manual__2023-02-26T13:39:24.335138+00:00 [running]> on host 8aab065f5efa
[2023-02-26T13:39:25.150+0000] {taskinstance.py:1509} INFO - Exporting the following env vars:
AIRFLOW_CTX_DAG_OWNER=***
AIRFLOW_CTX_DAG_ID=my_dag
AIRFLOW_CTX_TASK_ID=training_model_A
AIRFLOW_CTX_EXECUTION_DATE=2023-02-26T13:39:24.335138+00:00
AIRFLOW_CTX_TRY_NUMBER=1
AIRFLOW_CTX_DAG_RUN_ID=manual__2023-02-26T13:39:24.335138+00:00
[2023-02-26T13:39:25.153+0000] {python.py:177} INFO - Done. Returned value was: 8
[2023-02-26T13:39:25.176+0000] {taskinstance.py:1323} INFO - Marking task as SUCCESS. dag_id=my_dag, task_id=training_model_A, execution_date=20230226T133924, start_date=20230226T133925, end_date=20230226T133925
[2023-02-26T13:39:25.211+0000] {local_task_job.py:208} INFO - Task exited with return code 0
[2023-02-26T13:39:25.238+0000] {taskinstance.py:2578} INFO - 0 downstream tasks scheduled from follow-on schedule check
