[2023-02-27T10:07:44.546+0000] {taskinstance.py:1083} INFO - Dependencies all met for <TaskInstance: master_dag.sensor scheduled__2023-02-27T10:00:00+00:00 [queued]>
[2023-02-27T10:07:44.555+0000] {taskinstance.py:1083} INFO - Dependencies all met for <TaskInstance: master_dag.sensor scheduled__2023-02-27T10:00:00+00:00 [queued]>
[2023-02-27T10:07:44.556+0000] {taskinstance.py:1279} INFO - 
--------------------------------------------------------------------------------
[2023-02-27T10:07:44.556+0000] {taskinstance.py:1280} INFO - Starting attempt 1 of 1
[2023-02-27T10:07:44.557+0000] {taskinstance.py:1281} INFO - 
--------------------------------------------------------------------------------
[2023-02-27T10:07:44.567+0000] {taskinstance.py:1300} INFO - Executing <Task(ExternalTaskSensor): sensor> on 2023-02-27 10:00:00+00:00
[2023-02-27T10:07:44.573+0000] {standard_task_runner.py:55} INFO - Started process 6119 to run task
[2023-02-27T10:07:44.578+0000] {standard_task_runner.py:82} INFO - Running: ['***', 'tasks', 'run', 'master_dag', 'sensor', 'scheduled__2023-02-27T10:00:00+00:00', '--job-id', '38', '--raw', '--subdir', 'DAGS_FOLDER/master_dag.py', '--cfg-path', '/tmp/tmp2fg5ii4p']
[2023-02-27T10:07:44.579+0000] {standard_task_runner.py:83} INFO - Job 38: Subtask sensor
[2023-02-27T10:07:44.646+0000] {task_command.py:388} INFO - Running <TaskInstance: master_dag.sensor scheduled__2023-02-27T10:00:00+00:00 [running]> on host f7c6263a9b51
[2023-02-27T10:07:44.709+0000] {taskinstance.py:1509} INFO - Exporting the following env vars:
AIRFLOW_CTX_DAG_OWNER=***
AIRFLOW_CTX_DAG_ID=master_dag
AIRFLOW_CTX_TASK_ID=sensor
AIRFLOW_CTX_EXECUTION_DATE=2023-02-27T10:00:00+00:00
AIRFLOW_CTX_TRY_NUMBER=1
AIRFLOW_CTX_DAG_RUN_ID=scheduled__2023-02-27T10:00:00+00:00
[2023-02-27T10:07:44.710+0000] {external_task.py:209} INFO - Poking for tasks ['t1'] in dag slave_dag on 2023-02-27T10:00:00+00:00 ... 
[2023-02-27T10:08:44.784+0000] {external_task.py:209} INFO - Poking for tasks ['t1'] in dag slave_dag on 2023-02-27T10:00:00+00:00 ... 
[2023-02-27T10:08:44.812+0000] {base.py:228} INFO - Success criteria met. Exiting.
[2023-02-27T10:08:44.829+0000] {taskinstance.py:1323} INFO - Marking task as SUCCESS. dag_id=master_dag, task_id=sensor, execution_date=20230227T100000, start_date=20230227T100744, end_date=20230227T100844
[2023-02-27T10:08:44.882+0000] {local_task_job.py:208} INFO - Task exited with return code 0
[2023-02-27T10:08:44.928+0000] {taskinstance.py:2578} INFO - 1 downstream tasks scheduled from follow-on schedule check
